Using pre-set license
Built from '2022.3/staging' branch; Version is '2022.3.26f1 (ec6cd8118806) revision 15494360'; Using compiler version '192829333'; Build Type 'Release'
OS: 'Windows 10  (10.0.19045) 64bit Core' Language: 'en' Physical Memory: 16309 MB
BatchMode: 1, IsHumanControllingUs: 0, StartBugReporterOnCrash: 0, Is64bit: 1, IsPro: 1

COMMAND LINE ARGUMENTS:
C:\Program Files\Unity\Hub\Editor\2022.3.26f1\Editor\Unity.exe
-adb2
-batchMode
-noUpm
-name
AssetImportWorker10
-projectPath
C:/Users/willi/Desktop/LibrarianGame/LibraryGame
-logFile
Logs/AssetImportWorker10.log
-srvPort
54126
Successfully changed project path to: C:/Users/willi/Desktop/LibrarianGame/LibraryGame
C:/Users/willi/Desktop/LibrarianGame/LibraryGame
[UnityMemory] Configuration Parameters - Can be set up in boot.config
    "memorysetup-bucket-allocator-granularity=16"
    "memorysetup-bucket-allocator-bucket-count=8"
    "memorysetup-bucket-allocator-block-size=33554432"
    "memorysetup-bucket-allocator-block-count=8"
    "memorysetup-main-allocator-block-size=16777216"
    "memorysetup-thread-allocator-block-size=16777216"
    "memorysetup-gfx-main-allocator-block-size=16777216"
    "memorysetup-gfx-thread-allocator-block-size=16777216"
    "memorysetup-cache-allocator-block-size=4194304"
    "memorysetup-typetree-allocator-block-size=2097152"
    "memorysetup-profiler-bucket-allocator-granularity=16"
    "memorysetup-profiler-bucket-allocator-bucket-count=8"
    "memorysetup-profiler-bucket-allocator-block-size=33554432"
    "memorysetup-profiler-bucket-allocator-block-count=8"
    "memorysetup-profiler-allocator-block-size=16777216"
    "memorysetup-profiler-editor-allocator-block-size=1048576"
    "memorysetup-temp-allocator-size-main=16777216"
    "memorysetup-job-temp-allocator-block-size=2097152"
    "memorysetup-job-temp-allocator-block-size-background=1048576"
    "memorysetup-job-temp-allocator-reduction-small-platforms=262144"
    "memorysetup-allocator-temp-initial-block-size-main=262144"
    "memorysetup-allocator-temp-initial-block-size-worker=262144"
    "memorysetup-temp-allocator-size-background-worker=32768"
    "memorysetup-temp-allocator-size-job-worker=262144"
    "memorysetup-temp-allocator-size-preload-manager=33554432"
    "memorysetup-temp-allocator-size-nav-mesh-worker=65536"
    "memorysetup-temp-allocator-size-audio-worker=65536"
    "memorysetup-temp-allocator-size-cloud-worker=32768"
    "memorysetup-temp-allocator-size-gi-baking-worker=262144"
    "memorysetup-temp-allocator-size-gfx=262144"
Player connection [15892] Host "[IP] 192.168.2.139 [Port] 0 [Flags] 2 [Guid] 2457860352 [EditorId] 2457860352 [Version] 1048832 [Id] WindowsEditor(7,DESKTOP-1CQ20J4) [Debug] 1 [PackageName] WindowsEditor [ProjectName] Editor" joined multi-casting on [225.0.0.222:54997]...

Player connection [15892] Host "[IP] 192.168.2.139 [Port] 0 [Flags] 2 [Guid] 2457860352 [EditorId] 2457860352 [Version] 1048832 [Id] WindowsEditor(7,DESKTOP-1CQ20J4) [Debug] 1 [PackageName] WindowsEditor [ProjectName] Editor" joined alternative multi-casting on [225.0.0.222:34997]...

[Physics::Module] Initialized MultithreadedJobDispatcher with 11 workers.
Refreshing native plugins compatible for Editor in 10.44 ms, found 3 plugins.
Preloading 0 native plugins for Editor in 0.00 ms.
Initialize engine version: 2022.3.26f1 (ec6cd8118806)
[Subsystems] Discovering subsystems at path C:/Program Files/Unity/Hub/Editor/2022.3.26f1/Editor/Data/Resources/UnitySubsystems
[Subsystems] Discovering subsystems at path C:/Users/willi/Desktop/LibrarianGame/LibraryGame/Assets
GfxDevice: creating device client; threaded=0; jobified=0
Direct3D:
    Version:  Direct3D 11.0 [level 11.1]
    Renderer: NVIDIA GeForce RTX 3060 (ID=0x2503)
    Vendor:   NVIDIA
    VRAM:     12115 MB
    Driver:   31.0.15.5222
Initialize mono
Mono path[0] = 'C:/Program Files/Unity/Hub/Editor/2022.3.26f1/Editor/Data/Managed'
Mono path[1] = 'C:/Program Files/Unity/Hub/Editor/2022.3.26f1/Editor/Data/MonoBleedingEdge/lib/mono/unityjit-win32'
Mono config path = 'C:/Program Files/Unity/Hub/Editor/2022.3.26f1/Editor/Data/MonoBleedingEdge/etc'
Using monoOptions --debugger-agent=transport=dt_socket,embedding=1,server=y,suspend=n,address=127.0.0.1:56712
Begin MonoManager ReloadAssembly
Registering precompiled unity dll's ...
Register platform support module: C:/Program Files/Unity/Hub/Editor/2022.3.26f1/Editor/Data/PlaybackEngines/WebGLSupport/UnityEditor.WebGL.Extensions.dll
Register platform support module: C:/Program Files/Unity/Hub/Editor/2022.3.26f1/Editor/Data/PlaybackEngines/WindowsStandaloneSupport/UnityEditor.WindowsStandalone.Extensions.dll
Registered in 0.009872 seconds.
- Loaded All Assemblies, in  0.345 seconds
Native extension for WindowsStandalone target not found
Native extension for WebGL target not found
Mono: successfully reloaded assembly
- Finished resetting the current domain, in  0.259 seconds
Domain Reload Profiling: 602ms
	BeginReloadAssembly (96ms)
		ExecutionOrderSort (0ms)
		DisableScriptedObjects (0ms)
		BackupInstance (0ms)
		ReleaseScriptingObjects (0ms)
		CreateAndSetChildDomain (1ms)
	RebuildCommonClasses (38ms)
	RebuildNativeTypeToScriptingClass (14ms)
	initialDomainReloadingComplete (58ms)
	LoadAllAssembliesAndSetupDomain (137ms)
		LoadAssemblies (94ms)
		RebuildTransferFunctionScriptingTraits (0ms)
		AnalyzeDomain (135ms)
			TypeCache.Refresh (133ms)
				TypeCache.ScanAssembly (121ms)
			ScanForSourceGeneratedMonoScriptInfo (0ms)
			ResolveRequiredComponents (0ms)
	FinalizeReload (259ms)
		ReleaseScriptCaches (0ms)
		RebuildScriptCaches (0ms)
		SetupLoadedEditorAssemblies (202ms)
			LogAssemblyErrors (0ms)
			InitializePlatformSupportModulesInManaged (11ms)
			SetLoadedEditorAssemblies (6ms)
			RefreshPlugins (0ms)
			BeforeProcessingInitializeOnLoad (2ms)
			ProcessInitializeOnLoadAttributes (133ms)
			ProcessInitializeOnLoadMethodAttributes (50ms)
			AfterProcessingInitializeOnLoad (0ms)
			EditorAssembliesLoaded (0ms)
		ExecutionOrderSort2 (0ms)
		AwakeInstancesAfterBackupRestoration (0ms)
========================================================================
Worker process is ready to serve import requests
Begin MonoManager ReloadAssembly
- Loaded All Assemblies, in  0.613 seconds
Refreshing native plugins compatible for Editor in 2.94 ms, found 3 plugins.
Native extension for WindowsStandalone target not found
Native extension for WebGL target not found
Package Manager log level set to [2]
[Package Manager] Server::EnsureServerProcessIsRunning -- launch failed, reason: Unity was launched with the -noUpm command-line argument
[Package Manager] UpmClient::Send -- Unable to send message (not connected to UPM process).
[Package Manager] Cannot connect to Unity Package Manager local server
Mono: successfully reloaded assembly
- Finished resetting the current domain, in  0.640 seconds
Domain Reload Profiling: 1251ms
	BeginReloadAssembly (138ms)
		ExecutionOrderSort (0ms)
		DisableScriptedObjects (5ms)
		BackupInstance (0ms)
		ReleaseScriptingObjects (0ms)
		CreateAndSetChildDomain (24ms)
	RebuildCommonClasses (35ms)
	RebuildNativeTypeToScriptingClass (10ms)
	initialDomainReloadingComplete (37ms)
	LoadAllAssembliesAndSetupDomain (391ms)
		LoadAssemblies (305ms)
		RebuildTransferFunctionScriptingTraits (0ms)
		AnalyzeDomain (163ms)
			TypeCache.Refresh (140ms)
				TypeCache.ScanAssembly (125ms)
			ScanForSourceGeneratedMonoScriptInfo (17ms)
			ResolveRequiredComponents (5ms)
	FinalizeReload (640ms)
		ReleaseScriptCaches (0ms)
		RebuildScriptCaches (0ms)
		SetupLoadedEditorAssemblies (496ms)
			LogAssemblyErrors (0ms)
			InitializePlatformSupportModulesInManaged (10ms)
			SetLoadedEditorAssemblies (6ms)
			RefreshPlugins (0ms)
			BeforeProcessingInitializeOnLoad (99ms)
			ProcessInitializeOnLoadAttributes (356ms)
			ProcessInitializeOnLoadMethodAttributes (18ms)
			AfterProcessingInitializeOnLoad (7ms)
			EditorAssembliesLoaded (0ms)
		ExecutionOrderSort2 (0ms)
		AwakeInstancesAfterBackupRestoration (5ms)
Launched and connected shader compiler UnityShaderCompiler.exe after 0.04 seconds
Refreshing native plugins compatible for Editor in 2.96 ms, found 3 plugins.
Preloading 0 native plugins for Editor in 0.00 ms.
Unloading 3104 Unused Serialized files (Serialized files now loaded: 0)
Unloading 33 unused Assets / (57.6 KB). Loaded Objects now: 3566.
Memory consumption went from 122.0 MB to 122.0 MB.
Total: 2.960600 ms (FindLiveObjects: 0.310100 ms CreateObjectMapping: 0.086100 ms MarkObjects: 2.453500 ms  DeleteObjects: 0.109300 ms)

AssetImportParameters requested are different than current active one (requested -> active):
  custom:container-demuxer-ogg: 62fdf1f143b41e24485cea50d1cbac27 -> 
  custom:video-decoder-ogg-theora: a1e56fd34408186e4bbccfd4996cb3dc -> 
  custom:framework-win-MediaFoundation: 216162199b28c13a410421893ffa2e32 -> 
  custom:CustomObjectIndexerAttribute: 9a22284fe3817be447336de3de66b15e -> 
  custom:container-demuxer-webm: 4f35f7cbe854078d1ac9338744f61a02 -> 
  custom:scripting/monoscript/fileName/CheckForObjects.cs: cf84e25152cbe7fb2247dea1a41dfe09 -> c58d0c8fa8b4bc354d26737ab928bd5a
  custom:container-muxer-webm: aa71ff27fc2769a1b78a27578f13a17b -> 
  custom:video-decoder-webm-vp8: 9c59270c3fd7afecdb556c50c9e8de78 -> 
  custom:SearchIndexIgnoredProperties: e643bd26f0fe6173181afceb89e7c659 -> 
  custom:AudioImporter_EditorPlatform: d09bf68614088b80899f8185d706f6e7 -> 
  custom:video-encoder-webm-vp8: eb34c28f22e8b96e1ab97ce403110664 -> 
  custom:audio-decoder-ogg-vorbis: bf7c407c2cedff20999df2af8eb42d56 -> 
  custom:audio-encoder-webm-vorbis: bf7c407c2cedff20999df2af8eb42d56 -> 
========================================================================
Received Import Request.
  Time since last request: 241656.236984 seconds.
  path: Assets/GameAssets/Books/Yellow/Book (80).prefab
  artifactKey: Guid(ddbbd99ff794f9f498bef72fd7e4dd0e) Importer(815301076,1909f56bfc062723c751e8b465ee728b)
Start importing Assets/GameAssets/Books/Yellow/Book (80).prefab using Guid(ddbbd99ff794f9f498bef72fd7e4dd0e) Importer(815301076,1909f56bfc062723c751e8b465ee728b)  -> (artifact id: '233183b6923ddb455cc8ec44ae9d7352') in 0.145624 seconds
Number of updated asset objects reloaded before import = 0
Number of asset objects unloaded after import = 20
========================================================================
Received Import Request.
  Time since last request: 0.000043 seconds.
  path: Assets/GameAssets/Books/Yellow/Book (101).prefab
  artifactKey: Guid(c92223e6ccf87b4479e93019770a9044) Importer(815301076,1909f56bfc062723c751e8b465ee728b)
Start importing Assets/GameAssets/Books/Yellow/Book (101).prefab using Guid(c92223e6ccf87b4479e93019770a9044) Importer(815301076,1909f56bfc062723c751e8b465ee728b)  -> (artifact id: '09d5eb422b84e0c58cf031173212e101') in 0.019831 seconds
Number of updated asset objects reloaded before import = 0
Number of asset objects unloaded after import = 20
========================================================================
Received Import Request.
  Time since last request: 0.000037 seconds.
  path: Assets/GameAssets/Books/Yellow/Book (103).prefab
  artifactKey: Guid(1eaee126ab580984aa57ab1f2de0b780) Importer(815301076,1909f56bfc062723c751e8b465ee728b)
Start importing Assets/GameAssets/Books/Yellow/Book (103).prefab using Guid(1eaee126ab580984aa57ab1f2de0b780) Importer(815301076,1909f56bfc062723c751e8b465ee728b)  -> (artifact id: '3267d370021d0e8c46fbd4e9b7ca5956') in 0.019909 seconds
Number of updated asset objects reloaded before import = 0
Number of asset objects unloaded after import = 20
========================================================================
Received Import Request.
  Time since last request: 0.000028 seconds.
  path: Assets/GameAssets/Books/Yellow/Book (82).prefab
  artifactKey: Guid(7c50e40cd899f604b88697d4518fed3c) Importer(815301076,1909f56bfc062723c751e8b465ee728b)
Start importing Assets/GameAssets/Books/Yellow/Book (82).prefab using Guid(7c50e40cd899f604b88697d4518fed3c) Importer(815301076,1909f56bfc062723c751e8b465ee728b)  -> (artifact id: '9b0d13094af9a801f58124fa01804682') in 0.017126 seconds
Number of updated asset objects reloaded before import = 0
Number of asset objects unloaded after import = 20
========================================================================
Received Import Request.
  Time since last request: 0.000031 seconds.
  path: Assets/GameAssets/Books/Yellow/Book (88).prefab
  artifactKey: Guid(8d90c5b5578bfa844805c85fe8c6ba11) Importer(815301076,1909f56bfc062723c751e8b465ee728b)
Start importing Assets/GameAssets/Books/Yellow/Book (88).prefab using Guid(8d90c5b5578bfa844805c85fe8c6ba11) Importer(815301076,1909f56bfc062723c751e8b465ee728b)  -> (artifact id: '2f3de29e102f12e7f5991975740b1fc7') in 0.016895 seconds
Number of updated asset objects reloaded before import = 0
Number of asset objects unloaded after import = 20
========================================================================
Received Import Request.
  Time since last request: 30.625939 seconds.
  path: Assets/GameAssets/Books/Teal/Book (53).prefab
  artifactKey: Guid(66a031968053e004e86b0809e9ad52ce) Importer(815301076,1909f56bfc062723c751e8b465ee728b)
Start importing Assets/GameAssets/Books/Teal/Book (53).prefab using Guid(66a031968053e004e86b0809e9ad52ce) Importer(815301076,1909f56bfc062723c751e8b465ee728b)  -> (artifact id: '25cebe210ca27e0ec315790cc2773f11') in 0.028735 seconds
Number of updated asset objects reloaded before import = 0
Number of asset objects unloaded after import = 20
========================================================================
Received Import Request.
  Time since last request: 0.000027 seconds.
  path: Assets/GameAssets/Books/Teal/Book (64).prefab
  artifactKey: Guid(f94c6687ff4ff954cbffbcf252397d92) Importer(815301076,1909f56bfc062723c751e8b465ee728b)
Start importing Assets/GameAssets/Books/Teal/Book (64).prefab using Guid(f94c6687ff4ff954cbffbcf252397d92) Importer(815301076,1909f56bfc062723c751e8b465ee728b)  -> (artifact id: 'd3ce328f5ce403f4ead68e9247096086') in 0.055650 seconds
Number of updated asset objects reloaded before import = 0
Number of asset objects unloaded after import = 20
========================================================================
Received Import Request.
  Time since last request: 0.000025 seconds.
  path: Assets/GameAssets/Books/Teal/Book (65).prefab
  artifactKey: Guid(dcc66126d3b1c0444b36ef0724b5862c) Importer(815301076,1909f56bfc062723c751e8b465ee728b)
Start importing Assets/GameAssets/Books/Teal/Book (65).prefab using Guid(dcc66126d3b1c0444b36ef0724b5862c) Importer(815301076,1909f56bfc062723c751e8b465ee728b)  -> (artifact id: '78c01693798933c03d98e8034d3e851c') in 0.029649 seconds
Number of updated asset objects reloaded before import = 0
Number of asset objects unloaded after import = 20
========================================================================
Received Import Request.
  Time since last request: 0.000037 seconds.
  path: Assets/GameAssets/Books/Teal/Book (75).prefab
  artifactKey: Guid(238d1ab840b207a4aaa3fe2017ed1d42) Importer(815301076,1909f56bfc062723c751e8b465ee728b)
Start importing Assets/GameAssets/Books/Teal/Book (75).prefab using Guid(238d1ab840b207a4aaa3fe2017ed1d42) Importer(815301076,1909f56bfc062723c751e8b465ee728b)  -> (artifact id: 'dd51ee7fc164aad4b2d94613bdb321a1') in 0.015323 seconds
Number of updated asset objects reloaded before import = 0
Number of asset objects unloaded after import = 20
========================================================================
Received Import Request.
  Time since last request: 0.000027 seconds.
  path: Assets/GameAssets/Books/Teal/Book (67).prefab
  artifactKey: Guid(aba34300017b6324e94a801cd24d3eca) Importer(815301076,1909f56bfc062723c751e8b465ee728b)
Start importing Assets/GameAssets/Books/Teal/Book (67).prefab using Guid(aba34300017b6324e94a801cd24d3eca) Importer(815301076,1909f56bfc062723c751e8b465ee728b)  -> (artifact id: 'e35a1cf69f2fdee593e3e3bf839da8ba') in 0.016798 seconds
Number of updated asset objects reloaded before import = 0
Number of asset objects unloaded after import = 20
========================================================================
Received Import Request.
  Time since last request: 0.000032 seconds.
  path: Assets/GameAssets/Books/Teal/Book (74).prefab
  artifactKey: Guid(2370fefd826b4d0459dbceaca9dce9dd) Importer(815301076,1909f56bfc062723c751e8b465ee728b)
Start importing Assets/GameAssets/Books/Teal/Book (74).prefab using Guid(2370fefd826b4d0459dbceaca9dce9dd) Importer(815301076,1909f56bfc062723c751e8b465ee728b)  -> (artifact id: '8c88781caf3b6234e15267b3bce4bf89') in 0.015127 seconds
Number of updated asset objects reloaded before import = 0
Number of asset objects unloaded after import = 20
========================================================================
Received Import Request.
  Time since last request: 0.000034 seconds.
  path: Assets/GameAssets/Books/Teal/Book (70).prefab
  artifactKey: Guid(2b68866ece4b75b4a87c15d6340efbc5) Importer(815301076,1909f56bfc062723c751e8b465ee728b)
Start importing Assets/GameAssets/Books/Teal/Book (70).prefab using Guid(2b68866ece4b75b4a87c15d6340efbc5) Importer(815301076,1909f56bfc062723c751e8b465ee728b)  -> (artifact id: 'f93c966b277355ab0d441a78487446ae') in 0.014848 seconds
Number of updated asset objects reloaded before import = 0
Number of asset objects unloaded after import = 20
========================================================================
Received Import Request.
  Time since last request: 0.000022 seconds.
  path: Assets/GameAssets/Books/Teal/Book (77).prefab
  artifactKey: Guid(b7ff76f9b07beb34fac343d9d5a8abc1) Importer(815301076,1909f56bfc062723c751e8b465ee728b)
Start importing Assets/GameAssets/Books/Teal/Book (77).prefab using Guid(b7ff76f9b07beb34fac343d9d5a8abc1) Importer(815301076,1909f56bfc062723c751e8b465ee728b)  -> (artifact id: '85ff4b6897f657422fb8b675c008aa9c') in 0.017214 seconds
Number of updated asset objects reloaded before import = 0
Number of asset objects unloaded after import = 20
========================================================================
Received Import Request.
  Time since last request: 0.000028 seconds.
  path: Assets/GameAssets/Books/Teal/Book (61).prefab
  artifactKey: Guid(5bef1e9f6af46ce48833f67acfff636e) Importer(815301076,1909f56bfc062723c751e8b465ee728b)
Start importing Assets/GameAssets/Books/Teal/Book (61).prefab using Guid(5bef1e9f6af46ce48833f67acfff636e) Importer(815301076,1909f56bfc062723c751e8b465ee728b)  -> (artifact id: '1e8eabf7faf6d1650efbb193f4b5d51e') in 0.015079 seconds
Number of updated asset objects reloaded before import = 0
Number of asset objects unloaded after import = 20
========================================================================
Received Import Request.
  Time since last request: 13.157899 seconds.
  path: Assets/GameAssets/Books/Red/Book (27).prefab
  artifactKey: Guid(24457c8515ea1e04db471d29ad58be09) Importer(815301076,1909f56bfc062723c751e8b465ee728b)
Start importing Assets/GameAssets/Books/Red/Book (27).prefab using Guid(24457c8515ea1e04db471d29ad58be09) Importer(815301076,1909f56bfc062723c751e8b465ee728b)  -> (artifact id: 'edcfffcaf99b36739001a016ba1424b2') in 0.034531 seconds
Number of updated asset objects reloaded before import = 0
Number of asset objects unloaded after import = 20
========================================================================
Received Import Request.
  Time since last request: 0.000027 seconds.
  path: Assets/GameAssets/Books/Red/Book (33).prefab
  artifactKey: Guid(f69b810cca93c4c48aa4a4e0765ea4e4) Importer(815301076,1909f56bfc062723c751e8b465ee728b)
Start importing Assets/GameAssets/Books/Red/Book (33).prefab using Guid(f69b810cca93c4c48aa4a4e0765ea4e4) Importer(815301076,1909f56bfc062723c751e8b465ee728b)  -> (artifact id: '2a85c3d138df21809b16ccd7edb369d4') in 0.041064 seconds
Number of updated asset objects reloaded before import = 0
Number of asset objects unloaded after import = 20
========================================================================
Received Import Request.
  Time since last request: 0.000028 seconds.
  path: Assets/GameAssets/Books/Red/Book (37).prefab
  artifactKey: Guid(9d63653517279d8478064547136e0cdc) Importer(815301076,1909f56bfc062723c751e8b465ee728b)
Start importing Assets/GameAssets/Books/Red/Book (37).prefab using Guid(9d63653517279d8478064547136e0cdc) Importer(815301076,1909f56bfc062723c751e8b465ee728b)  -> (artifact id: '6f93baca5abf09a9e3f9df4ff90dbb95') in 0.016441 seconds
Number of updated asset objects reloaded before import = 0
Number of asset objects unloaded after import = 20
========================================================================
Received Import Request.
  Time since last request: 0.000045 seconds.
  path: Assets/GameAssets/Books/Red/Book (48).prefab
  artifactKey: Guid(ed34fba27529acc429d7a2f149ce86b1) Importer(815301076,1909f56bfc062723c751e8b465ee728b)
Start importing Assets/GameAssets/Books/Red/Book (48).prefab using Guid(ed34fba27529acc429d7a2f149ce86b1) Importer(815301076,1909f56bfc062723c751e8b465ee728b)  -> (artifact id: '96508da4893f5746804b75b4eca01803') in 0.016929 seconds
Number of updated asset objects reloaded before import = 0
Number of asset objects unloaded after import = 20
========================================================================
Received Import Request.
  Time since last request: 0.000025 seconds.
  path: Assets/GameAssets/Books/Red/Book (39).prefab
  artifactKey: Guid(5cddca80a4d23a249a45244311078065) Importer(815301076,1909f56bfc062723c751e8b465ee728b)
Start importing Assets/GameAssets/Books/Red/Book (39).prefab using Guid(5cddca80a4d23a249a45244311078065) Importer(815301076,1909f56bfc062723c751e8b465ee728b)  -> (artifact id: 'ecb2e5651ea261a8afd1d99dbd783f51') in 0.015170 seconds
Number of updated asset objects reloaded before import = 0
Number of asset objects unloaded after import = 20
========================================================================
Received Import Request.
  Time since last request: 0.000028 seconds.
  path: Assets/GameAssets/Books/Red/Book (50).prefab
  artifactKey: Guid(cf36d50b19c844a42a741ffbcd96aad2) Importer(815301076,1909f56bfc062723c751e8b465ee728b)
Start importing Assets/GameAssets/Books/Red/Book (50).prefab using Guid(cf36d50b19c844a42a741ffbcd96aad2) Importer(815301076,1909f56bfc062723c751e8b465ee728b)  -> (artifact id: '297d1ff9d6a8401043c4a2e7f74ca87d') in 0.016879 seconds
Number of updated asset objects reloaded before import = 0
Number of asset objects unloaded after import = 20
========================================================================
Received Import Request.
  Time since last request: 0.000035 seconds.
  path: Assets/GameAssets/Books/Red/Book (43).prefab
  artifactKey: Guid(88b076b1725544d49b701b35bc1c8798) Importer(815301076,1909f56bfc062723c751e8b465ee728b)
Start importing Assets/GameAssets/Books/Red/Book (43).prefab using Guid(88b076b1725544d49b701b35bc1c8798) Importer(815301076,1909f56bfc062723c751e8b465ee728b)  -> (artifact id: '567aef71a4f3fe0d4fb55829bf3493ca') in 0.016166 seconds
Number of updated asset objects reloaded before import = 0
Number of asset objects unloaded after import = 20
========================================================================
Received Import Request.
  Time since last request: 0.000029 seconds.
  path: Assets/GameAssets/Books/Red/Book (42).prefab
  artifactKey: Guid(864649023b218aa42aadee9a045d1901) Importer(815301076,1909f56bfc062723c751e8b465ee728b)
Start importing Assets/GameAssets/Books/Red/Book (42).prefab using Guid(864649023b218aa42aadee9a045d1901) Importer(815301076,1909f56bfc062723c751e8b465ee728b)  -> (artifact id: '60f469d799b9aa37782a149f94a50012') in 0.016298 seconds
Number of updated asset objects reloaded before import = 0
Number of asset objects unloaded after import = 20
Editor requested this worker to shutdown with reason: Scaling down because of idle timeout
TcpMessagingSession - receive error: operation aborted. errorcode: 995, details: The I/O operation has been aborted because of either a thread exit or an application request.
AssetImportWorker is now disconnected from the server
Process exiting
Exiting without the bug reporter. Application will terminate with return code 0