Using pre-set license
Built from '2022.3/staging' branch; Version is '2022.3.26f1 (ec6cd8118806) revision 15494360'; Using compiler version '192829333'; Build Type 'Release'
OS: 'Windows 10  (10.0.19045) 64bit Core' Language: 'en' Physical Memory: 16309 MB
BatchMode: 1, IsHumanControllingUs: 0, StartBugReporterOnCrash: 0, Is64bit: 1, IsPro: 1

COMMAND LINE ARGUMENTS:
C:\Program Files\Unity\Hub\Editor\2022.3.26f1\Editor\Unity.exe
-adb2
-batchMode
-noUpm
-name
AssetImportWorker6
-projectPath
C:/Users/willi/Desktop/LibrarianGame/LibraryGame
-logFile
Logs/AssetImportWorker6.log
-srvPort
54126
Successfully changed project path to: C:/Users/willi/Desktop/LibrarianGame/LibraryGame
C:/Users/willi/Desktop/LibrarianGame/LibraryGame
[UnityMemory] Configuration Parameters - Can be set up in boot.config
    "memorysetup-bucket-allocator-granularity=16"
    "memorysetup-bucket-allocator-bucket-count=8"
    "memorysetup-bucket-allocator-block-size=33554432"
    "memorysetup-bucket-allocator-block-count=8"
    "memorysetup-main-allocator-block-size=16777216"
    "memorysetup-thread-allocator-block-size=16777216"
    "memorysetup-gfx-main-allocator-block-size=16777216"
    "memorysetup-gfx-thread-allocator-block-size=16777216"
    "memorysetup-cache-allocator-block-size=4194304"
    "memorysetup-typetree-allocator-block-size=2097152"
    "memorysetup-profiler-bucket-allocator-granularity=16"
    "memorysetup-profiler-bucket-allocator-bucket-count=8"
    "memorysetup-profiler-bucket-allocator-block-size=33554432"
    "memorysetup-profiler-bucket-allocator-block-count=8"
    "memorysetup-profiler-allocator-block-size=16777216"
    "memorysetup-profiler-editor-allocator-block-size=1048576"
    "memorysetup-temp-allocator-size-main=16777216"
    "memorysetup-job-temp-allocator-block-size=2097152"
    "memorysetup-job-temp-allocator-block-size-background=1048576"
    "memorysetup-job-temp-allocator-reduction-small-platforms=262144"
    "memorysetup-allocator-temp-initial-block-size-main=262144"
    "memorysetup-allocator-temp-initial-block-size-worker=262144"
    "memorysetup-temp-allocator-size-background-worker=32768"
    "memorysetup-temp-allocator-size-job-worker=262144"
    "memorysetup-temp-allocator-size-preload-manager=33554432"
    "memorysetup-temp-allocator-size-nav-mesh-worker=65536"
    "memorysetup-temp-allocator-size-audio-worker=65536"
    "memorysetup-temp-allocator-size-cloud-worker=32768"
    "memorysetup-temp-allocator-size-gi-baking-worker=262144"
    "memorysetup-temp-allocator-size-gfx=262144"
Player connection [16160] Host "[IP] 192.168.2.139 [Port] 0 [Flags] 2 [Guid] 4245125289 [EditorId] 4245125289 [Version] 1048832 [Id] WindowsEditor(7,DESKTOP-1CQ20J4) [Debug] 1 [PackageName] WindowsEditor [ProjectName] Editor" joined multi-casting on [225.0.0.222:54997]...

Player connection [16160] Host "[IP] 192.168.2.139 [Port] 0 [Flags] 2 [Guid] 4245125289 [EditorId] 4245125289 [Version] 1048832 [Id] WindowsEditor(7,DESKTOP-1CQ20J4) [Debug] 1 [PackageName] WindowsEditor [ProjectName] Editor" joined alternative multi-casting on [225.0.0.222:34997]...

[Physics::Module] Initialized MultithreadedJobDispatcher with 11 workers.
Refreshing native plugins compatible for Editor in 10.05 ms, found 3 plugins.
Preloading 0 native plugins for Editor in 0.00 ms.
Initialize engine version: 2022.3.26f1 (ec6cd8118806)
[Subsystems] Discovering subsystems at path C:/Program Files/Unity/Hub/Editor/2022.3.26f1/Editor/Data/Resources/UnitySubsystems
[Subsystems] Discovering subsystems at path C:/Users/willi/Desktop/LibrarianGame/LibraryGame/Assets
GfxDevice: creating device client; threaded=0; jobified=0
Direct3D:
    Version:  Direct3D 11.0 [level 11.1]
    Renderer: NVIDIA GeForce RTX 3060 (ID=0x2503)
    Vendor:   NVIDIA
    VRAM:     12115 MB
    Driver:   31.0.15.5222
Initialize mono
Mono path[0] = 'C:/Program Files/Unity/Hub/Editor/2022.3.26f1/Editor/Data/Managed'
Mono path[1] = 'C:/Program Files/Unity/Hub/Editor/2022.3.26f1/Editor/Data/MonoBleedingEdge/lib/mono/unityjit-win32'
Mono config path = 'C:/Program Files/Unity/Hub/Editor/2022.3.26f1/Editor/Data/MonoBleedingEdge/etc'
Using monoOptions --debugger-agent=transport=dt_socket,embedding=1,server=y,suspend=n,address=127.0.0.1:56524
Begin MonoManager ReloadAssembly
Registering precompiled unity dll's ...
Register platform support module: C:/Program Files/Unity/Hub/Editor/2022.3.26f1/Editor/Data/PlaybackEngines/WebGLSupport/UnityEditor.WebGL.Extensions.dll
Register platform support module: C:/Program Files/Unity/Hub/Editor/2022.3.26f1/Editor/Data/PlaybackEngines/WindowsStandaloneSupport/UnityEditor.WindowsStandalone.Extensions.dll
Registered in 0.010833 seconds.
- Loaded All Assemblies, in  0.378 seconds
Native extension for WindowsStandalone target not found
Native extension for WebGL target not found
Mono: successfully reloaded assembly
- Finished resetting the current domain, in  0.295 seconds
Domain Reload Profiling: 671ms
	BeginReloadAssembly (109ms)
		ExecutionOrderSort (0ms)
		DisableScriptedObjects (0ms)
		BackupInstance (0ms)
		ReleaseScriptingObjects (0ms)
		CreateAndSetChildDomain (1ms)
	RebuildCommonClasses (37ms)
	RebuildNativeTypeToScriptingClass (13ms)
	initialDomainReloadingComplete (65ms)
	LoadAllAssembliesAndSetupDomain (151ms)
		LoadAssemblies (107ms)
		RebuildTransferFunctionScriptingTraits (0ms)
		AnalyzeDomain (149ms)
			TypeCache.Refresh (147ms)
				TypeCache.ScanAssembly (133ms)
			ScanForSourceGeneratedMonoScriptInfo (0ms)
			ResolveRequiredComponents (1ms)
	FinalizeReload (295ms)
		ReleaseScriptCaches (0ms)
		RebuildScriptCaches (0ms)
		SetupLoadedEditorAssemblies (228ms)
			LogAssemblyErrors (0ms)
			InitializePlatformSupportModulesInManaged (13ms)
			SetLoadedEditorAssemblies (7ms)
			RefreshPlugins (0ms)
			BeforeProcessingInitializeOnLoad (3ms)
			ProcessInitializeOnLoadAttributes (157ms)
			ProcessInitializeOnLoadMethodAttributes (49ms)
			AfterProcessingInitializeOnLoad (0ms)
			EditorAssembliesLoaded (0ms)
		ExecutionOrderSort2 (0ms)
		AwakeInstancesAfterBackupRestoration (0ms)
========================================================================
Worker process is ready to serve import requests
Begin MonoManager ReloadAssembly
- Loaded All Assemblies, in  0.595 seconds
Refreshing native plugins compatible for Editor in 3.18 ms, found 3 plugins.
Native extension for WindowsStandalone target not found
Native extension for WebGL target not found
Package Manager log level set to [2]
[Package Manager] Server::EnsureServerProcessIsRunning -- launch failed, reason: Unity was launched with the -noUpm command-line argument
[Package Manager] UpmClient::Send -- Unable to send message (not connected to UPM process).
[Package Manager] Cannot connect to Unity Package Manager local server
Mono: successfully reloaded assembly
- Finished resetting the current domain, in  0.633 seconds
Domain Reload Profiling: 1227ms
	BeginReloadAssembly (149ms)
		ExecutionOrderSort (0ms)
		DisableScriptedObjects (5ms)
		BackupInstance (0ms)
		ReleaseScriptingObjects (0ms)
		CreateAndSetChildDomain (27ms)
	RebuildCommonClasses (31ms)
	RebuildNativeTypeToScriptingClass (10ms)
	initialDomainReloadingComplete (38ms)
	LoadAllAssembliesAndSetupDomain (366ms)
		LoadAssemblies (289ms)
		RebuildTransferFunctionScriptingTraits (0ms)
		AnalyzeDomain (155ms)
			TypeCache.Refresh (135ms)
				TypeCache.ScanAssembly (122ms)
			ScanForSourceGeneratedMonoScriptInfo (13ms)
			ResolveRequiredComponents (4ms)
	FinalizeReload (634ms)
		ReleaseScriptCaches (0ms)
		RebuildScriptCaches (0ms)
		SetupLoadedEditorAssemblies (486ms)
			LogAssemblyErrors (0ms)
			InitializePlatformSupportModulesInManaged (8ms)
			SetLoadedEditorAssemblies (6ms)
			RefreshPlugins (0ms)
			BeforeProcessingInitializeOnLoad (103ms)
			ProcessInitializeOnLoadAttributes (345ms)
			ProcessInitializeOnLoadMethodAttributes (17ms)
			AfterProcessingInitializeOnLoad (7ms)
			EditorAssembliesLoaded (0ms)
		ExecutionOrderSort2 (0ms)
		AwakeInstancesAfterBackupRestoration (5ms)
Launched and connected shader compiler UnityShaderCompiler.exe after 0.04 seconds
Refreshing native plugins compatible for Editor in 2.87 ms, found 3 plugins.
Preloading 0 native plugins for Editor in 0.00 ms.
Unloading 3102 Unused Serialized files (Serialized files now loaded: 0)
Unloading 33 unused Assets / (57.5 KB). Loaded Objects now: 3564.
Memory consumption went from 121.9 MB to 121.8 MB.
Total: 3.117000 ms (FindLiveObjects: 0.312100 ms CreateObjectMapping: 0.099800 ms MarkObjects: 2.587400 ms  DeleteObjects: 0.116900 ms)

AssetImportParameters requested are different than current active one (requested -> active):
  custom:container-demuxer-ogg: 62fdf1f143b41e24485cea50d1cbac27 -> 
  custom:video-decoder-ogg-theora: a1e56fd34408186e4bbccfd4996cb3dc -> 
  custom:framework-win-MediaFoundation: 216162199b28c13a410421893ffa2e32 -> 
  custom:CustomObjectIndexerAttribute: 9a22284fe3817be447336de3de66b15e -> 
  custom:container-demuxer-webm: 4f35f7cbe854078d1ac9338744f61a02 -> 
  custom:container-muxer-webm: aa71ff27fc2769a1b78a27578f13a17b -> 
  custom:video-decoder-webm-vp8: 9c59270c3fd7afecdb556c50c9e8de78 -> 
  custom:SearchIndexIgnoredProperties: e643bd26f0fe6173181afceb89e7c659 -> 
  custom:AudioImporter_EditorPlatform: d09bf68614088b80899f8185d706f6e7 -> 
  custom:video-encoder-webm-vp8: eb34c28f22e8b96e1ab97ce403110664 -> 
  custom:audio-decoder-ogg-vorbis: bf7c407c2cedff20999df2af8eb42d56 -> 
  custom:audio-encoder-webm-vorbis: bf7c407c2cedff20999df2af8eb42d56 -> 
========================================================================
Received Import Request.
  Time since last request: 238644.070222 seconds.
  path: Assets/Textures/Book/Red/Red_B.png
  artifactKey: Guid(4954af728982a87408e38d848738e433) Importer(815301076,1909f56bfc062723c751e8b465ee728b)
Start importing Assets/Textures/Book/Red/Red_B.png using Guid(4954af728982a87408e38d848738e433) Importer(815301076,1909f56bfc062723c751e8b465ee728b)  -> (artifact id: '43e9b8ce2daa91e9f2bf6b8680dee393') in 0.075564 seconds
Number of updated asset objects reloaded before import = 0
Number of asset objects unloaded after import = 2
========================================================================
Received Import Request.
  Time since last request: 0.000018 seconds.
  path: Assets/Textures/Book/Red/Red_K.png
  artifactKey: Guid(4eaad72be662f5d44a6e613ab3bd709f) Importer(815301076,1909f56bfc062723c751e8b465ee728b)
Start importing Assets/Textures/Book/Red/Red_K.png using Guid(4eaad72be662f5d44a6e613ab3bd709f) Importer(815301076,1909f56bfc062723c751e8b465ee728b)  -> (artifact id: 'd628d318b7df432de79977f0f415ae36') in 0.056077 seconds
Number of updated asset objects reloaded before import = 0
Number of asset objects unloaded after import = 2
========================================================================
Received Import Request.
  Time since last request: 0.000020 seconds.
  path: Assets/Textures/Book/Red/Red_J.png
  artifactKey: Guid(ba2dd886e6a0ac348a36cd53484d423d) Importer(815301076,1909f56bfc062723c751e8b465ee728b)
Start importing Assets/Textures/Book/Red/Red_J.png using Guid(ba2dd886e6a0ac348a36cd53484d423d) Importer(815301076,1909f56bfc062723c751e8b465ee728b)  -> (artifact id: 'd5ffce069afe27805f320ea813492c68') in 0.020794 seconds
Number of updated asset objects reloaded before import = 0
Number of asset objects unloaded after import = 2
========================================================================
Received Import Request.
  Time since last request: 0.000019 seconds.
  path: Assets/Textures/Book/Red/Red_T.png
  artifactKey: Guid(4d7a5b95e80c37144bd7e220f931499d) Importer(815301076,1909f56bfc062723c751e8b465ee728b)
Start importing Assets/Textures/Book/Red/Red_T.png using Guid(4d7a5b95e80c37144bd7e220f931499d) Importer(815301076,1909f56bfc062723c751e8b465ee728b)  -> (artifact id: 'a7b2b8eaa58032768bc827c96ffe37ec') in 0.062481 seconds
Number of updated asset objects reloaded before import = 0
Number of asset objects unloaded after import = 2
========================================================================
Received Import Request.
  Time since last request: 0.000026 seconds.
  path: Assets/Textures/Book/Red/Red_O.png
  artifactKey: Guid(955aebffd7d573c44b170c64f1aaf3eb) Importer(815301076,1909f56bfc062723c751e8b465ee728b)
Start importing Assets/Textures/Book/Red/Red_O.png using Guid(955aebffd7d573c44b170c64f1aaf3eb) Importer(815301076,1909f56bfc062723c751e8b465ee728b)  -> (artifact id: '962c64a7c8ea2d62a2d09b530393d885') in 0.020089 seconds
Number of updated asset objects reloaded before import = 0
Number of asset objects unloaded after import = 2
========================================================================
Received Import Request.
  Time since last request: 0.000027 seconds.
  path: Assets/Textures/Book/Red/Red_E.png
  artifactKey: Guid(787c8e27aad84f6439773ceb8c57180a) Importer(815301076,1909f56bfc062723c751e8b465ee728b)
Start importing Assets/Textures/Book/Red/Red_E.png using Guid(787c8e27aad84f6439773ceb8c57180a) Importer(815301076,1909f56bfc062723c751e8b465ee728b)  -> (artifact id: 'f1385db5d3e1fd9be23b57659d27bc4d') in 0.020847 seconds
Number of updated asset objects reloaded before import = 0
Number of asset objects unloaded after import = 2
========================================================================
Received Import Request.
  Time since last request: 0.000020 seconds.
  path: Assets/Textures/Book/Red/Red_M.png
  artifactKey: Guid(81f89af69c74552439c9f20fa9455b16) Importer(815301076,1909f56bfc062723c751e8b465ee728b)
Start importing Assets/Textures/Book/Red/Red_M.png using Guid(81f89af69c74552439c9f20fa9455b16) Importer(815301076,1909f56bfc062723c751e8b465ee728b)  -> (artifact id: '38cab046403013199084d343b86c3157') in 0.021492 seconds
Number of updated asset objects reloaded before import = 0
Number of asset objects unloaded after import = 2
========================================================================
Received Import Request.
  Time since last request: 0.000028 seconds.
  path: Assets/Textures/Book/Red/Red_L.png
  artifactKey: Guid(a5b90b04a00d19748b382da1c14971f2) Importer(815301076,1909f56bfc062723c751e8b465ee728b)
Start importing Assets/Textures/Book/Red/Red_L.png using Guid(a5b90b04a00d19748b382da1c14971f2) Importer(815301076,1909f56bfc062723c751e8b465ee728b)  -> (artifact id: '7fdbfcdb9b1f0c392c548c9c3e90ffca') in 0.032519 seconds
Number of updated asset objects reloaded before import = 0
Number of asset objects unloaded after import = 2
========================================================================
Received Import Request.
  Time since last request: 2.578660 seconds.
  path: Assets/Textures/Book/Teal/Teal_B.png
  artifactKey: Guid(fc6b1ee6685a4e64fa89756a3b8a2414) Importer(815301076,1909f56bfc062723c751e8b465ee728b)
Start importing Assets/Textures/Book/Teal/Teal_B.png using Guid(fc6b1ee6685a4e64fa89756a3b8a2414) Importer(815301076,1909f56bfc062723c751e8b465ee728b)  -> (artifact id: 'f78f43b88ecc10f613fee23bc52681be') in 0.012429 seconds
Number of updated asset objects reloaded before import = 0
Number of asset objects unloaded after import = 2
========================================================================
Received Import Request.
  Time since last request: 0.000025 seconds.
  path: Assets/Textures/Book/Teal/Teal_M.png
  artifactKey: Guid(a5d438e48bd82044f8cadaad6c808c3e) Importer(815301076,1909f56bfc062723c751e8b465ee728b)
Start importing Assets/Textures/Book/Teal/Teal_M.png using Guid(a5d438e48bd82044f8cadaad6c808c3e) Importer(815301076,1909f56bfc062723c751e8b465ee728b)  -> (artifact id: 'bda5b5f3d3728717efd75b141d95c7a4') in 0.025634 seconds
Number of updated asset objects reloaded before import = 0
Number of asset objects unloaded after import = 2
========================================================================
Received Import Request.
  Time since last request: 0.000026 seconds.
  path: Assets/Textures/Book/Teal/Teal_P.png
  artifactKey: Guid(38939e83c1377c0409eede847bdf679b) Importer(815301076,1909f56bfc062723c751e8b465ee728b)
Start importing Assets/Textures/Book/Teal/Teal_P.png using Guid(38939e83c1377c0409eede847bdf679b) Importer(815301076,1909f56bfc062723c751e8b465ee728b)  -> (artifact id: '6d72df32fc5319c57a9e3ba5247cdb74') in 0.014021 seconds
Number of updated asset objects reloaded before import = 0
Number of asset objects unloaded after import = 2
========================================================================
Received Import Request.
  Time since last request: 0.000018 seconds.
  path: Assets/Textures/Book/Teal/Teal_Q.png
  artifactKey: Guid(74fddb8304fb87c4cbbfda889841ff77) Importer(815301076,1909f56bfc062723c751e8b465ee728b)
Start importing Assets/Textures/Book/Teal/Teal_Q.png using Guid(74fddb8304fb87c4cbbfda889841ff77) Importer(815301076,1909f56bfc062723c751e8b465ee728b)  -> (artifact id: 'b1eb31c2dcc72b2d22357a8cb24333f7') in 0.013838 seconds
Number of updated asset objects reloaded before import = 0
Number of asset objects unloaded after import = 2
========================================================================
Received Import Request.
  Time since last request: 0.000023 seconds.
  path: Assets/Textures/Book/Teal/Teal_V.png
  artifactKey: Guid(9a7ca5a970b75784dac8f14a9cc480d5) Importer(815301076,1909f56bfc062723c751e8b465ee728b)
Start importing Assets/Textures/Book/Teal/Teal_V.png using Guid(9a7ca5a970b75784dac8f14a9cc480d5) Importer(815301076,1909f56bfc062723c751e8b465ee728b)  -> (artifact id: '5eba0368332dc87695a9fafd22379d9d') in 0.013943 seconds
Number of updated asset objects reloaded before import = 0
Number of asset objects unloaded after import = 2
========================================================================
Received Import Request.
  Time since last request: 0.000027 seconds.
  path: Assets/Textures/Book/Teal/Teal_K.png
  artifactKey: Guid(44562994260510c4ca8301448a908d4b) Importer(815301076,1909f56bfc062723c751e8b465ee728b)
Start importing Assets/Textures/Book/Teal/Teal_K.png using Guid(44562994260510c4ca8301448a908d4b) Importer(815301076,1909f56bfc062723c751e8b465ee728b)  -> (artifact id: '728d3f8f6751d99f8a0129ae62493082') in 0.013173 seconds
Number of updated asset objects reloaded before import = 0
Number of asset objects unloaded after import = 2
========================================================================
Received Import Request.
  Time since last request: 0.000020 seconds.
  path: Assets/Textures/Book/Teal/Teal_F.png
  artifactKey: Guid(675d8ba3208a2ad49b4bd0fe82c963f1) Importer(815301076,1909f56bfc062723c751e8b465ee728b)
Start importing Assets/Textures/Book/Teal/Teal_F.png using Guid(675d8ba3208a2ad49b4bd0fe82c963f1) Importer(815301076,1909f56bfc062723c751e8b465ee728b)  -> (artifact id: '90ca73d6ca76f84b16a360a45cdd8bd1') in 0.014296 seconds
Number of updated asset objects reloaded before import = 0
Number of asset objects unloaded after import = 2
========================================================================
Received Import Request.
  Time since last request: 0.000022 seconds.
  path: Assets/Textures/Book/Teal/Teal_U.png
  artifactKey: Guid(1e3eaf58751a2f34a9483269678da76d) Importer(815301076,1909f56bfc062723c751e8b465ee728b)
Start importing Assets/Textures/Book/Teal/Teal_U.png using Guid(1e3eaf58751a2f34a9483269678da76d) Importer(815301076,1909f56bfc062723c751e8b465ee728b)  -> (artifact id: 'ed95fe0cbcc1e2ee35f97ea132e0277d') in 0.013756 seconds
Number of updated asset objects reloaded before import = 0
Number of asset objects unloaded after import = 2
========================================================================
Received Import Request.
  Time since last request: 2.653092 seconds.
  path: Assets/Textures/Book/Yellow/YellowB.png
  artifactKey: Guid(d1135097856e1f341937ab7385652766) Importer(815301076,1909f56bfc062723c751e8b465ee728b)
Start importing Assets/Textures/Book/Yellow/YellowB.png using Guid(d1135097856e1f341937ab7385652766) Importer(815301076,1909f56bfc062723c751e8b465ee728b)  -> (artifact id: '63eb7313965a83007157eef669715186') in 0.013147 seconds
Number of updated asset objects reloaded before import = 0
Number of asset objects unloaded after import = 2
========================================================================
Received Import Request.
  Time since last request: 0.000030 seconds.
  path: Assets/Textures/Book/Yellow/YellowX.png
  artifactKey: Guid(6fe2c92e18b55a54bb8b137a2c9068dd) Importer(815301076,1909f56bfc062723c751e8b465ee728b)
Start importing Assets/Textures/Book/Yellow/YellowX.png using Guid(6fe2c92e18b55a54bb8b137a2c9068dd) Importer(815301076,1909f56bfc062723c751e8b465ee728b)  -> (artifact id: '1f87884c9b4c41325649b9fc89b3381b') in 0.016406 seconds
Number of updated asset objects reloaded before import = 0
Number of asset objects unloaded after import = 2
========================================================================
Received Import Request.
  Time since last request: 0.000017 seconds.
  path: Assets/Textures/Book/Yellow/YellowZ.png
  artifactKey: Guid(7881b1f778bf064469e3a9fa184d36c0) Importer(815301076,1909f56bfc062723c751e8b465ee728b)
Start importing Assets/Textures/Book/Yellow/YellowZ.png using Guid(7881b1f778bf064469e3a9fa184d36c0) Importer(815301076,1909f56bfc062723c751e8b465ee728b)  -> (artifact id: '7b59c8f9beeaa1bbdd6902f554fcfaab') in 0.015937 seconds
Number of updated asset objects reloaded before import = 0
Number of asset objects unloaded after import = 2
========================================================================
Received Import Request.
  Time since last request: 0.000028 seconds.
  path: Assets/Textures/Book/Yellow/YellowV.png
  artifactKey: Guid(5f4420555ca59dc4ca08682cc661125d) Importer(815301076,1909f56bfc062723c751e8b465ee728b)
Start importing Assets/Textures/Book/Yellow/YellowV.png using Guid(5f4420555ca59dc4ca08682cc661125d) Importer(815301076,1909f56bfc062723c751e8b465ee728b)  -> (artifact id: 'c8e238f8095a9d8fcc7627975e458d79') in 0.018555 seconds
Number of updated asset objects reloaded before import = 0
Number of asset objects unloaded after import = 2
========================================================================
Received Import Request.
  Time since last request: 0.000034 seconds.
  path: Assets/Textures/Book/Yellow/YellowI.png
  artifactKey: Guid(ef73dfc64c7dcb94788e3df2451a0784) Importer(815301076,1909f56bfc062723c751e8b465ee728b)
Start importing Assets/Textures/Book/Yellow/YellowI.png using Guid(ef73dfc64c7dcb94788e3df2451a0784) Importer(815301076,1909f56bfc062723c751e8b465ee728b)  -> (artifact id: '0e90b08e95fec821df6dcc7ae9f38372') in 0.013883 seconds
Number of updated asset objects reloaded before import = 0
Number of asset objects unloaded after import = 2
========================================================================
Received Import Request.
  Time since last request: 0.000021 seconds.
  path: Assets/Textures/Book/Yellow/YellowK.png
  artifactKey: Guid(9736496ac9caa6941ae4b63cda2a2d5b) Importer(815301076,1909f56bfc062723c751e8b465ee728b)
Start importing Assets/Textures/Book/Yellow/YellowK.png using Guid(9736496ac9caa6941ae4b63cda2a2d5b) Importer(815301076,1909f56bfc062723c751e8b465ee728b)  -> (artifact id: '5fdef77cea319b19d8b1e26b783b208a') in 0.017447 seconds
Number of updated asset objects reloaded before import = 0
Number of asset objects unloaded after import = 2
========================================================================
Received Import Request.
  Time since last request: 0.000029 seconds.
  path: Assets/Textures/Book/Yellow/YellowG.png
  artifactKey: Guid(7a9dca6292031a34f94af657cb2e6e37) Importer(815301076,1909f56bfc062723c751e8b465ee728b)
Start importing Assets/Textures/Book/Yellow/YellowG.png using Guid(7a9dca6292031a34f94af657cb2e6e37) Importer(815301076,1909f56bfc062723c751e8b465ee728b)  -> (artifact id: '97a8b1127469fd55352f1632c2bb6ce8') in 0.014714 seconds
Number of updated asset objects reloaded before import = 0
Number of asset objects unloaded after import = 2
========================================================================
Received Import Request.
  Time since last request: 0.000034 seconds.
  path: Assets/Textures/Book/Yellow/YellowP.png
  artifactKey: Guid(b08398c386910cd4e88bf571fffd2c16) Importer(815301076,1909f56bfc062723c751e8b465ee728b)
Start importing Assets/Textures/Book/Yellow/YellowP.png using Guid(b08398c386910cd4e88bf571fffd2c16) Importer(815301076,1909f56bfc062723c751e8b465ee728b)  -> (artifact id: '0041a949f7f292469c8da4f64bc030a3') in 0.017265 seconds
Number of updated asset objects reloaded before import = 0
Number of asset objects unloaded after import = 2
========================================================================
Received Prepare
Begin MonoManager ReloadAssembly
- Loaded All Assemblies, in  0.541 seconds
Refreshing native plugins compatible for Editor in 4.18 ms, found 3 plugins.
Native extension for WindowsStandalone target not found
Native extension for WebGL target not found
[Package Manager] Server::EnsureServerProcessIsRunning -- launch failed, reason: Unity was launched with the -noUpm command-line argument
[Package Manager] UpmClient::Send -- Unable to send message (not connected to UPM process).
[Package Manager] Cannot connect to Unity Package Manager local server
Mono: successfully reloaded assembly
- Finished resetting the current domain, in  1.100 seconds
Domain Reload Profiling: 1639ms
	BeginReloadAssembly (167ms)
		ExecutionOrderSort (0ms)
		DisableScriptedObjects (5ms)
		BackupInstance (0ms)
		ReleaseScriptingObjects (0ms)
		CreateAndSetChildDomain (39ms)
	RebuildCommonClasses (32ms)
	RebuildNativeTypeToScriptingClass (11ms)
	initialDomainReloadingComplete (29ms)
	LoadAllAssembliesAndSetupDomain (299ms)
		LoadAssemblies (375ms)
		RebuildTransferFunctionScriptingTraits (0ms)
		AnalyzeDomain (16ms)
			TypeCache.Refresh (8ms)
				TypeCache.ScanAssembly (0ms)
			ScanForSourceGeneratedMonoScriptInfo (0ms)
			ResolveRequiredComponents (5ms)
	FinalizeReload (1101ms)
		ReleaseScriptCaches (0ms)
		RebuildScriptCaches (0ms)
		SetupLoadedEditorAssemblies (550ms)
			LogAssemblyErrors (0ms)
			InitializePlatformSupportModulesInManaged (9ms)
			SetLoadedEditorAssemblies (5ms)
			RefreshPlugins (0ms)
			BeforeProcessingInitializeOnLoad (119ms)
			ProcessInitializeOnLoadAttributes (385ms)
			ProcessInitializeOnLoadMethodAttributes (23ms)
			AfterProcessingInitializeOnLoad (9ms)
			EditorAssembliesLoaded (0ms)
		ExecutionOrderSort2 (0ms)
		AwakeInstancesAfterBackupRestoration (8ms)
Refreshing native plugins compatible for Editor in 4.00 ms, found 3 plugins.
Preloading 0 native plugins for Editor in 0.00 ms.
Unloading 3094 Unused Serialized files (Serialized files now loaded: 0)
Unloading 24 unused Assets / (31.6 KB). Loaded Objects now: 3570.
Memory consumption went from 120.8 MB to 120.7 MB.
Total: 3.955200 ms (FindLiveObjects: 0.412000 ms CreateObjectMapping: 0.083200 ms MarkObjects: 3.381900 ms  DeleteObjects: 0.077000 ms)

Prepare: number of updated asset objects reloaded= 0
AssetImportParameters requested are different than current active one (requested -> active):
  custom:container-demuxer-ogg: 62fdf1f143b41e24485cea50d1cbac27 -> 
  custom:video-decoder-ogg-theora: a1e56fd34408186e4bbccfd4996cb3dc -> 
  custom:framework-win-MediaFoundation: 216162199b28c13a410421893ffa2e32 -> 
  custom:CustomObjectIndexerAttribute: 9a22284fe3817be447336de3de66b15e -> 
  custom:container-demuxer-webm: 4f35f7cbe854078d1ac9338744f61a02 -> 
  custom:container-muxer-webm: aa71ff27fc2769a1b78a27578f13a17b -> 
  custom:video-decoder-webm-vp8: 9c59270c3fd7afecdb556c50c9e8de78 -> 
  custom:SearchIndexIgnoredProperties: e643bd26f0fe6173181afceb89e7c659 -> 
  custom:AudioImporter_EditorPlatform: d09bf68614088b80899f8185d706f6e7 -> 
  custom:video-encoder-webm-vp8: eb34c28f22e8b96e1ab97ce403110664 -> 
  custom:audio-decoder-ogg-vorbis: bf7c407c2cedff20999df2af8eb42d56 -> 
  custom:audio-encoder-webm-vorbis: bf7c407c2cedff20999df2af8eb42d56 -> 
Editor requested this worker to shutdown with reason: Scaling down because of idle timeout
TcpMessagingSession - receive error: operation aborted. errorcode: 995, details: The I/O operation has been aborted because of either a thread exit or an application request.
AssetImportWorker is now disconnected from the server
Process exiting
Exiting without the bug reporter. Application will terminate with return code 0