Using pre-set license
Built from '2022.3/staging' branch; Version is '2022.3.26f1 (ec6cd8118806) revision 15494360'; Using compiler version '192829333'; Build Type 'Release'
OS: 'Windows 10  (10.0.19045) 64bit Core' Language: 'en' Physical Memory: 16309 MB
BatchMode: 1, IsHumanControllingUs: 0, StartBugReporterOnCrash: 0, Is64bit: 1, IsPro: 1

COMMAND LINE ARGUMENTS:
C:\Program Files\Unity\Hub\Editor\2022.3.26f1\Editor\Unity.exe
-adb2
-batchMode
-noUpm
-name
AssetImportWorker2
-projectPath
C:/Users/willi/Desktop/LibrarianGame/LibraryGame
-logFile
Logs/AssetImportWorker2.log
-srvPort
50357
Successfully changed project path to: C:/Users/willi/Desktop/LibrarianGame/LibraryGame
C:/Users/willi/Desktop/LibrarianGame/LibraryGame
[UnityMemory] Configuration Parameters - Can be set up in boot.config
    "memorysetup-bucket-allocator-granularity=16"
    "memorysetup-bucket-allocator-bucket-count=8"
    "memorysetup-bucket-allocator-block-size=33554432"
    "memorysetup-bucket-allocator-block-count=8"
    "memorysetup-main-allocator-block-size=16777216"
    "memorysetup-thread-allocator-block-size=16777216"
    "memorysetup-gfx-main-allocator-block-size=16777216"
    "memorysetup-gfx-thread-allocator-block-size=16777216"
    "memorysetup-cache-allocator-block-size=4194304"
    "memorysetup-typetree-allocator-block-size=2097152"
    "memorysetup-profiler-bucket-allocator-granularity=16"
    "memorysetup-profiler-bucket-allocator-bucket-count=8"
    "memorysetup-profiler-bucket-allocator-block-size=33554432"
    "memorysetup-profiler-bucket-allocator-block-count=8"
    "memorysetup-profiler-allocator-block-size=16777216"
    "memorysetup-profiler-editor-allocator-block-size=1048576"
    "memorysetup-temp-allocator-size-main=16777216"
    "memorysetup-job-temp-allocator-block-size=2097152"
    "memorysetup-job-temp-allocator-block-size-background=1048576"
    "memorysetup-job-temp-allocator-reduction-small-platforms=262144"
    "memorysetup-allocator-temp-initial-block-size-main=262144"
    "memorysetup-allocator-temp-initial-block-size-worker=262144"
    "memorysetup-temp-allocator-size-background-worker=32768"
    "memorysetup-temp-allocator-size-job-worker=262144"
    "memorysetup-temp-allocator-size-preload-manager=33554432"
    "memorysetup-temp-allocator-size-nav-mesh-worker=65536"
    "memorysetup-temp-allocator-size-audio-worker=65536"
    "memorysetup-temp-allocator-size-cloud-worker=32768"
    "memorysetup-temp-allocator-size-gi-baking-worker=262144"
    "memorysetup-temp-allocator-size-gfx=262144"
Player connection [1272] Host "[IP] 192.168.2.139 [Port] 0 [Flags] 2 [Guid] 2909217711 [EditorId] 2909217711 [Version] 1048832 [Id] WindowsEditor(7,DESKTOP-1CQ20J4) [Debug] 1 [PackageName] WindowsEditor [ProjectName] Editor" joined multi-casting on [225.0.0.222:54997]...

Player connection [1272] Host "[IP] 192.168.2.139 [Port] 0 [Flags] 2 [Guid] 2909217711 [EditorId] 2909217711 [Version] 1048832 [Id] WindowsEditor(7,DESKTOP-1CQ20J4) [Debug] 1 [PackageName] WindowsEditor [ProjectName] Editor" joined alternative multi-casting on [225.0.0.222:34997]...

[Physics::Module] Initialized MultithreadedJobDispatcher with 11 workers.
Refreshing native plugins compatible for Editor in 122.96 ms, found 3 plugins.
Preloading 0 native plugins for Editor in 0.00 ms.
Initialize engine version: 2022.3.26f1 (ec6cd8118806)
[Subsystems] Discovering subsystems at path C:/Program Files/Unity/Hub/Editor/2022.3.26f1/Editor/Data/Resources/UnitySubsystems
[Subsystems] Discovering subsystems at path C:/Users/willi/Desktop/LibrarianGame/LibraryGame/Assets
GfxDevice: creating device client; threaded=0; jobified=0
Direct3D:
    Version:  Direct3D 11.0 [level 11.1]
    Renderer: NVIDIA GeForce RTX 3060 (ID=0x2503)
    Vendor:   NVIDIA
    VRAM:     12115 MB
    Driver:   31.0.15.5222
Initialize mono
Mono path[0] = 'C:/Program Files/Unity/Hub/Editor/2022.3.26f1/Editor/Data/Managed'
Mono path[1] = 'C:/Program Files/Unity/Hub/Editor/2022.3.26f1/Editor/Data/MonoBleedingEdge/lib/mono/unityjit-win32'
Mono config path = 'C:/Program Files/Unity/Hub/Editor/2022.3.26f1/Editor/Data/MonoBleedingEdge/etc'
Using monoOptions --debugger-agent=transport=dt_socket,embedding=1,server=y,suspend=n,address=127.0.0.1:56556
Begin MonoManager ReloadAssembly
Registering precompiled unity dll's ...
Register platform support module: C:/Program Files/Unity/Hub/Editor/2022.3.26f1/Editor/Data/PlaybackEngines/WebGLSupport/UnityEditor.WebGL.Extensions.dll
Register platform support module: C:/Program Files/Unity/Hub/Editor/2022.3.26f1/Editor/Data/PlaybackEngines/WindowsStandaloneSupport/UnityEditor.WindowsStandalone.Extensions.dll
Registered in 0.006712 seconds.
- Loaded All Assemblies, in  0.573 seconds
Native extension for WindowsStandalone target not found
Native extension for WebGL target not found
Mono: successfully reloaded assembly
- Finished resetting the current domain, in  0.244 seconds
Domain Reload Profiling: 816ms
	BeginReloadAssembly (89ms)
		ExecutionOrderSort (0ms)
		DisableScriptedObjects (0ms)
		BackupInstance (0ms)
		ReleaseScriptingObjects (0ms)
		CreateAndSetChildDomain (1ms)
	RebuildCommonClasses (151ms)
	RebuildNativeTypeToScriptingClass (10ms)
	initialDomainReloadingComplete (49ms)
	LoadAllAssembliesAndSetupDomain (272ms)
		LoadAssemblies (88ms)
		RebuildTransferFunctionScriptingTraits (0ms)
		AnalyzeDomain (271ms)
			TypeCache.Refresh (269ms)
				TypeCache.ScanAssembly (258ms)
			ScanForSourceGeneratedMonoScriptInfo (0ms)
			ResolveRequiredComponents (0ms)
	FinalizeReload (244ms)
		ReleaseScriptCaches (0ms)
		RebuildScriptCaches (0ms)
		SetupLoadedEditorAssemblies (190ms)
			LogAssemblyErrors (0ms)
			InitializePlatformSupportModulesInManaged (10ms)
			SetLoadedEditorAssemblies (6ms)
			RefreshPlugins (0ms)
			BeforeProcessingInitializeOnLoad (2ms)
			ProcessInitializeOnLoadAttributes (128ms)
			ProcessInitializeOnLoadMethodAttributes (44ms)
			AfterProcessingInitializeOnLoad (0ms)
			EditorAssembliesLoaded (0ms)
		ExecutionOrderSort2 (0ms)
		AwakeInstancesAfterBackupRestoration (0ms)
========================================================================
Worker process is ready to serve import requests
Begin MonoManager ReloadAssembly
- Loaded All Assemblies, in  0.558 seconds
Refreshing native plugins compatible for Editor in 2.50 ms, found 3 plugins.
Native extension for WindowsStandalone target not found
Native extension for WebGL target not found
Package Manager log level set to [2]
[Package Manager] Server::EnsureServerProcessIsRunning -- launch failed, reason: Unity was launched with the -noUpm command-line argument
[Package Manager] UpmClient::Send -- Unable to send message (not connected to UPM process).
[Package Manager] Cannot connect to Unity Package Manager local server
Mono: successfully reloaded assembly
- Finished resetting the current domain, in  0.574 seconds
Domain Reload Profiling: 1131ms
	BeginReloadAssembly (130ms)
		ExecutionOrderSort (0ms)
		DisableScriptedObjects (5ms)
		BackupInstance (0ms)
		ReleaseScriptingObjects (0ms)
		CreateAndSetChildDomain (22ms)
	RebuildCommonClasses (29ms)
	RebuildNativeTypeToScriptingClass (10ms)
	initialDomainReloadingComplete (34ms)
	LoadAllAssembliesAndSetupDomain (353ms)
		LoadAssemblies (273ms)
		RebuildTransferFunctionScriptingTraits (0ms)
		AnalyzeDomain (151ms)
			TypeCache.Refresh (132ms)
				TypeCache.ScanAssembly (119ms)
			ScanForSourceGeneratedMonoScriptInfo (13ms)
			ResolveRequiredComponents (5ms)
	FinalizeReload (574ms)
		ReleaseScriptCaches (0ms)
		RebuildScriptCaches (0ms)
		SetupLoadedEditorAssemblies (449ms)
			LogAssemblyErrors (0ms)
			InitializePlatformSupportModulesInManaged (6ms)
			SetLoadedEditorAssemblies (4ms)
			RefreshPlugins (0ms)
			BeforeProcessingInitializeOnLoad (85ms)
			ProcessInitializeOnLoadAttributes (331ms)
			ProcessInitializeOnLoadMethodAttributes (17ms)
			AfterProcessingInitializeOnLoad (6ms)
			EditorAssembliesLoaded (0ms)
		ExecutionOrderSort2 (0ms)
		AwakeInstancesAfterBackupRestoration (5ms)
Launched and connected shader compiler UnityShaderCompiler.exe after 0.04 seconds
Refreshing native plugins compatible for Editor in 2.49 ms, found 3 plugins.
Preloading 0 native plugins for Editor in 0.00 ms.
Unloading 3120 Unused Serialized files (Serialized files now loaded: 0)
Unloading 33 unused Assets / (57.6 KB). Loaded Objects now: 3582.
Memory consumption went from 122.6 MB to 122.5 MB.
Total: 3.027000 ms (FindLiveObjects: 0.292700 ms CreateObjectMapping: 0.087400 ms MarkObjects: 2.532900 ms  DeleteObjects: 0.113200 ms)

AssetImportParameters requested are different than current active one (requested -> active):
  custom:container-demuxer-ogg: 62fdf1f143b41e24485cea50d1cbac27 -> 
  custom:video-decoder-ogg-theora: a1e56fd34408186e4bbccfd4996cb3dc -> 
  custom:framework-win-MediaFoundation: 216162199b28c13a410421893ffa2e32 -> 
  custom:CustomObjectIndexerAttribute: 9a22284fe3817be447336de3de66b15e -> 
  custom:container-demuxer-webm: 4f35f7cbe854078d1ac9338744f61a02 -> 
  custom:container-muxer-webm: aa71ff27fc2769a1b78a27578f13a17b -> 
  custom:video-decoder-webm-vp8: 9c59270c3fd7afecdb556c50c9e8de78 -> 
  custom:SearchIndexIgnoredProperties: e643bd26f0fe6173181afceb89e7c659 -> 
  custom:AudioImporter_EditorPlatform: d09bf68614088b80899f8185d706f6e7 -> 
  custom:video-encoder-webm-vp8: eb34c28f22e8b96e1ab97ce403110664 -> 
  custom:audio-decoder-ogg-vorbis: bf7c407c2cedff20999df2af8eb42d56 -> 
  custom:scripting/monoscript/fileName/PopUpManager.cs: 5b033561cee09c69ca88ecdffea365c0 -> 
  custom:audio-encoder-webm-vorbis: bf7c407c2cedff20999df2af8eb42d56 -> 
========================================================================
Received Import Request.
  Time since last request: 14497.617201 seconds.
  path: Assets/GameAssets/Books/Blue/BlueR.prefab
  artifactKey: Guid(2c60771e00bafed4fb1621f1d1c80900) Importer(815301076,1909f56bfc062723c751e8b465ee728b)
Start importing Assets/GameAssets/Books/Blue/BlueR.prefab using Guid(2c60771e00bafed4fb1621f1d1c80900) Importer(815301076,1909f56bfc062723c751e8b465ee728b)  -> (artifact id: '93b56a92780d3c5a8a71ecc84dd29327') in 0.104234 seconds
Number of updated asset objects reloaded before import = 0
Number of asset objects unloaded after import = 20
========================================================================
Received Prepare
Begin MonoManager ReloadAssembly
- Loaded All Assemblies, in  0.526 seconds
Refreshing native plugins compatible for Editor in 3.01 ms, found 3 plugins.
Native extension for WindowsStandalone target not found
Native extension for WebGL target not found
[Package Manager] Server::EnsureServerProcessIsRunning -- launch failed, reason: Unity was launched with the -noUpm command-line argument
[Package Manager] UpmClient::Send -- Unable to send message (not connected to UPM process).
[Package Manager] Cannot connect to Unity Package Manager local server
Mono: successfully reloaded assembly
- Finished resetting the current domain, in  0.991 seconds
Domain Reload Profiling: 1515ms
	BeginReloadAssembly (168ms)
		ExecutionOrderSort (0ms)
		DisableScriptedObjects (5ms)
		BackupInstance (0ms)
		ReleaseScriptingObjects (0ms)
		CreateAndSetChildDomain (44ms)
	RebuildCommonClasses (38ms)
	RebuildNativeTypeToScriptingClass (11ms)
	initialDomainReloadingComplete (33ms)
	LoadAllAssembliesAndSetupDomain (273ms)
		LoadAssemblies (343ms)
		RebuildTransferFunctionScriptingTraits (0ms)
		AnalyzeDomain (19ms)
			TypeCache.Refresh (10ms)
				TypeCache.ScanAssembly (0ms)
			ScanForSourceGeneratedMonoScriptInfo (0ms)
			ResolveRequiredComponents (6ms)
	FinalizeReload (992ms)
		ReleaseScriptCaches (0ms)
		RebuildScriptCaches (0ms)
		SetupLoadedEditorAssemblies (553ms)
			LogAssemblyErrors (0ms)
			InitializePlatformSupportModulesInManaged (8ms)
			SetLoadedEditorAssemblies (6ms)
			RefreshPlugins (0ms)
			BeforeProcessingInitializeOnLoad (114ms)
			ProcessInitializeOnLoadAttributes (394ms)
			ProcessInitializeOnLoadMethodAttributes (23ms)
			AfterProcessingInitializeOnLoad (7ms)
			EditorAssembliesLoaded (0ms)
		ExecutionOrderSort2 (0ms)
		AwakeInstancesAfterBackupRestoration (8ms)
Refreshing native plugins compatible for Editor in 3.51 ms, found 3 plugins.
Preloading 0 native plugins for Editor in 0.00 ms.
Unloading 3112 Unused Serialized files (Serialized files now loaded: 0)
Unloading 24 unused Assets / (31.7 KB). Loaded Objects now: 3593.
Memory consumption went from 125.5 MB to 125.5 MB.
Total: 3.505200 ms (FindLiveObjects: 0.376500 ms CreateObjectMapping: 0.096200 ms MarkObjects: 2.931400 ms  DeleteObjects: 0.100100 ms)

Prepare: number of updated asset objects reloaded= 0
AssetImportParameters requested are different than current active one (requested -> active):
  custom:container-demuxer-ogg: 62fdf1f143b41e24485cea50d1cbac27 -> 
  custom:video-decoder-ogg-theora: a1e56fd34408186e4bbccfd4996cb3dc -> 
  custom:framework-win-MediaFoundation: 216162199b28c13a410421893ffa2e32 -> 
  custom:CustomObjectIndexerAttribute: 9a22284fe3817be447336de3de66b15e -> 
  custom:container-demuxer-webm: 4f35f7cbe854078d1ac9338744f61a02 -> 
  custom:container-muxer-webm: aa71ff27fc2769a1b78a27578f13a17b -> 
  custom:video-decoder-webm-vp8: 9c59270c3fd7afecdb556c50c9e8de78 -> 
  custom:SearchIndexIgnoredProperties: e643bd26f0fe6173181afceb89e7c659 -> 
  custom:AudioImporter_EditorPlatform: d09bf68614088b80899f8185d706f6e7 -> 
  custom:video-encoder-webm-vp8: eb34c28f22e8b96e1ab97ce403110664 -> 
  custom:audio-decoder-ogg-vorbis: bf7c407c2cedff20999df2af8eb42d56 -> 
  custom:scripting/monoscript/fileName/PopUpManager.cs: 5b033561cee09c69ca88ecdffea365c0 -> 
  custom:audio-encoder-webm-vorbis: bf7c407c2cedff20999df2af8eb42d56 -> 
========================================================================
Received Prepare
Begin MonoManager ReloadAssembly
- Loaded All Assemblies, in  0.445 seconds
Refreshing native plugins compatible for Editor in 2.80 ms, found 3 plugins.
Native extension for WindowsStandalone target not found
Native extension for WebGL target not found
[Package Manager] Server::EnsureServerProcessIsRunning -- launch failed, reason: Unity was launched with the -noUpm command-line argument
[Package Manager] UpmClient::Send -- Unable to send message (not connected to UPM process).
[Package Manager] Cannot connect to Unity Package Manager local server
Mono: successfully reloaded assembly
- Finished resetting the current domain, in  0.967 seconds
Domain Reload Profiling: 1410ms
	BeginReloadAssembly (145ms)
		ExecutionOrderSort (0ms)
		DisableScriptedObjects (5ms)
		BackupInstance (0ms)
		ReleaseScriptingObjects (0ms)
		CreateAndSetChildDomain (34ms)
	RebuildCommonClasses (32ms)
	RebuildNativeTypeToScriptingClass (11ms)
	initialDomainReloadingComplete (33ms)
	LoadAllAssembliesAndSetupDomain (221ms)
		LoadAssemblies (281ms)
		RebuildTransferFunctionScriptingTraits (0ms)
		AnalyzeDomain (16ms)
			TypeCache.Refresh (8ms)
				TypeCache.ScanAssembly (0ms)
			ScanForSourceGeneratedMonoScriptInfo (0ms)
			ResolveRequiredComponents (6ms)
	FinalizeReload (967ms)
		ReleaseScriptCaches (0ms)
		RebuildScriptCaches (0ms)
		SetupLoadedEditorAssemblies (528ms)
			LogAssemblyErrors (0ms)
			InitializePlatformSupportModulesInManaged (8ms)
			SetLoadedEditorAssemblies (7ms)
			RefreshPlugins (0ms)
			BeforeProcessingInitializeOnLoad (110ms)
			ProcessInitializeOnLoadAttributes (375ms)
			ProcessInitializeOnLoadMethodAttributes (21ms)
			AfterProcessingInitializeOnLoad (7ms)
			EditorAssembliesLoaded (0ms)
		ExecutionOrderSort2 (0ms)
		AwakeInstancesAfterBackupRestoration (7ms)
Refreshing native plugins compatible for Editor in 3.08 ms, found 3 plugins.
Preloading 0 native plugins for Editor in 0.00 ms.
Unloading 3113 Unused Serialized files (Serialized files now loaded: 0)
Unloading 24 unused Assets / (31.6 KB). Loaded Objects now: 3596.
Memory consumption went from 125.8 MB to 125.8 MB.
Total: 3.547200 ms (FindLiveObjects: 0.363200 ms CreateObjectMapping: 0.087000 ms MarkObjects: 3.024200 ms  DeleteObjects: 0.071500 ms)

Prepare: number of updated asset objects reloaded= 0
AssetImportParameters requested are different than current active one (requested -> active):
  custom:container-demuxer-ogg: 62fdf1f143b41e24485cea50d1cbac27 -> 
  custom:video-decoder-ogg-theora: a1e56fd34408186e4bbccfd4996cb3dc -> 
  custom:framework-win-MediaFoundation: 216162199b28c13a410421893ffa2e32 -> 
  custom:CustomObjectIndexerAttribute: 9a22284fe3817be447336de3de66b15e -> 
  custom:container-demuxer-webm: 4f35f7cbe854078d1ac9338744f61a02 -> 
  custom:container-muxer-webm: aa71ff27fc2769a1b78a27578f13a17b -> 
  custom:video-decoder-webm-vp8: 9c59270c3fd7afecdb556c50c9e8de78 -> 
  custom:SearchIndexIgnoredProperties: e643bd26f0fe6173181afceb89e7c659 -> 
  custom:AudioImporter_EditorPlatform: d09bf68614088b80899f8185d706f6e7 -> 
  custom:video-encoder-webm-vp8: eb34c28f22e8b96e1ab97ce403110664 -> 
  custom:audio-decoder-ogg-vorbis: bf7c407c2cedff20999df2af8eb42d56 -> 
  custom:scripting/monoscript/fileName/PopUpManager.cs: 5b033561cee09c69ca88ecdffea365c0 -> 
  custom:audio-encoder-webm-vorbis: bf7c407c2cedff20999df2af8eb42d56 -> 
========================================================================
Received Import Request.
  Time since last request: 208.398888 seconds.
  path: Assets/Prefabs/CheckInNPC.prefab
  artifactKey: Guid(855a396a807120f419c60806d2e893c5) Importer(815301076,1909f56bfc062723c751e8b465ee728b)
Start importing Assets/Prefabs/CheckInNPC.prefab using Guid(855a396a807120f419c60806d2e893c5) Importer(815301076,1909f56bfc062723c751e8b465ee728b)  -> (artifact id: 'a5e6eb83429a48e436a457e5abc3a7a0') in 0.112669 seconds
Number of updated asset objects reloaded before import = 0
Number of asset objects unloaded after import = 28
========================================================================
Received Import Request.
  Time since last request: 5.638660 seconds.
  path: Assets/Prefabs/CheckInNPC.prefab
  artifactKey: Guid(855a396a807120f419c60806d2e893c5) Importer(815301076,1909f56bfc062723c751e8b465ee728b)
Start importing Assets/Prefabs/CheckInNPC.prefab using Guid(855a396a807120f419c60806d2e893c5) Importer(815301076,1909f56bfc062723c751e8b465ee728b)  -> (artifact id: 'e7bc456ce0e6706d57b26fb3ebe964a3') in 0.012863 seconds
Number of updated asset objects reloaded before import = 0
Number of asset objects unloaded after import = 28
========================================================================
Received Import Request.
  Time since last request: 1.795661 seconds.
  path: Assets/Prefabs/CheckInNPC.prefab
  artifactKey: Guid(855a396a807120f419c60806d2e893c5) Importer(815301076,1909f56bfc062723c751e8b465ee728b)
Start importing Assets/Prefabs/CheckInNPC.prefab using Guid(855a396a807120f419c60806d2e893c5) Importer(815301076,1909f56bfc062723c751e8b465ee728b)  -> (artifact id: '9386af43c38616701e6dd45b17a5ff72') in 0.014485 seconds
Number of updated asset objects reloaded before import = 0
Number of asset objects unloaded after import = 28
========================================================================
Received Import Request.
  Time since last request: 2.209176 seconds.
  path: Assets/Prefabs/CheckInNPC.prefab
  artifactKey: Guid(855a396a807120f419c60806d2e893c5) Importer(815301076,1909f56bfc062723c751e8b465ee728b)
Start importing Assets/Prefabs/CheckInNPC.prefab using Guid(855a396a807120f419c60806d2e893c5) Importer(815301076,1909f56bfc062723c751e8b465ee728b)  -> (artifact id: '7e7766b5e7b968cb9df3c61b24a91667') in 0.019577 seconds
Number of updated asset objects reloaded before import = 0
Number of asset objects unloaded after import = 28
========================================================================
Received Import Request.
  Time since last request: 1.807611 seconds.
  path: Assets/Prefabs/CheckInNPC.prefab
  artifactKey: Guid(855a396a807120f419c60806d2e893c5) Importer(815301076,1909f56bfc062723c751e8b465ee728b)
Start importing Assets/Prefabs/CheckInNPC.prefab using Guid(855a396a807120f419c60806d2e893c5) Importer(815301076,1909f56bfc062723c751e8b465ee728b)  -> (artifact id: '7f3291995457067a43e063d796ebde16') in 0.015967 seconds
Number of updated asset objects reloaded before import = 0
Number of asset objects unloaded after import = 28
========================================================================
Received Import Request.
  Time since last request: 0.378392 seconds.
  path: Assets/Prefabs/CheckInNPC.prefab
  artifactKey: Guid(855a396a807120f419c60806d2e893c5) Importer(815301076,1909f56bfc062723c751e8b465ee728b)
Start importing Assets/Prefabs/CheckInNPC.prefab using Guid(855a396a807120f419c60806d2e893c5) Importer(815301076,1909f56bfc062723c751e8b465ee728b)  -> (artifact id: 'bcd9b3272679bf78c956f1741975b068') in 0.013972 seconds
Number of updated asset objects reloaded before import = 0
Number of asset objects unloaded after import = 28
========================================================================
Received Import Request.
  Time since last request: 3.013156 seconds.
  path: Assets/Prefabs/CheckInNPC.prefab
  artifactKey: Guid(855a396a807120f419c60806d2e893c5) Importer(815301076,1909f56bfc062723c751e8b465ee728b)
Start importing Assets/Prefabs/CheckInNPC.prefab using Guid(855a396a807120f419c60806d2e893c5) Importer(815301076,1909f56bfc062723c751e8b465ee728b)  -> (artifact id: 'ae9743706b39949d40659a88acd54971') in 0.012824 seconds
Number of updated asset objects reloaded before import = 0
Number of asset objects unloaded after import = 28
========================================================================
Received Import Request.
  Time since last request: 7.640630 seconds.
  path: Assets/Prefabs/CheckInNPC.prefab
  artifactKey: Guid(855a396a807120f419c60806d2e893c5) Importer(815301076,1909f56bfc062723c751e8b465ee728b)
Start importing Assets/Prefabs/CheckInNPC.prefab using Guid(855a396a807120f419c60806d2e893c5) Importer(815301076,1909f56bfc062723c751e8b465ee728b)  -> (artifact id: '0798b949da6d53aeb3f972258079dd37') in 0.013626 seconds
Number of updated asset objects reloaded before import = 0
Number of asset objects unloaded after import = 28
========================================================================
Received Import Request.
  Time since last request: 3.617655 seconds.
  path: Assets/Prefabs/CheckInNPC.prefab
  artifactKey: Guid(855a396a807120f419c60806d2e893c5) Importer(815301076,1909f56bfc062723c751e8b465ee728b)
Start importing Assets/Prefabs/CheckInNPC.prefab using Guid(855a396a807120f419c60806d2e893c5) Importer(815301076,1909f56bfc062723c751e8b465ee728b)  -> (artifact id: 'bbcd460aa3aec05f96f27d1ac3996e29') in 0.009351 seconds
Number of updated asset objects reloaded before import = 0
Number of asset objects unloaded after import = 28
========================================================================
Received Import Request.
  Time since last request: 5.654825 seconds.
  path: Assets/Prefabs/CheckInNPC.prefab
  artifactKey: Guid(855a396a807120f419c60806d2e893c5) Importer(815301076,1909f56bfc062723c751e8b465ee728b)
Start importing Assets/Prefabs/CheckInNPC.prefab using Guid(855a396a807120f419c60806d2e893c5) Importer(815301076,1909f56bfc062723c751e8b465ee728b)  -> (artifact id: 'ed7aad665fb60ccf4c43e63046fd31ca') in 0.011981 seconds
Number of updated asset objects reloaded before import = 0
Number of asset objects unloaded after import = 29
========================================================================
Received Import Request.
  Time since last request: 2.799887 seconds.
  path: Assets/Prefabs/CheckInNPC.prefab
  artifactKey: Guid(855a396a807120f419c60806d2e893c5) Importer(815301076,1909f56bfc062723c751e8b465ee728b)
Start importing Assets/Prefabs/CheckInNPC.prefab using Guid(855a396a807120f419c60806d2e893c5) Importer(815301076,1909f56bfc062723c751e8b465ee728b)  -> (artifact id: 'c891e19d8b4c760b1923bd17b9a91d25') in 0.008249 seconds
Number of updated asset objects reloaded before import = 0
Number of asset objects unloaded after import = 29
========================================================================
Received Import Request.
  Time since last request: 1.604392 seconds.
  path: Assets/Prefabs/CheckInNPC.prefab
  artifactKey: Guid(855a396a807120f419c60806d2e893c5) Importer(815301076,1909f56bfc062723c751e8b465ee728b)
Start importing Assets/Prefabs/CheckInNPC.prefab using Guid(855a396a807120f419c60806d2e893c5) Importer(815301076,1909f56bfc062723c751e8b465ee728b)  -> (artifact id: 'd998ddad6abebe6c30b66681682025f5') in 0.008324 seconds
Number of updated asset objects reloaded before import = 0
Number of asset objects unloaded after import = 29
========================================================================
Received Import Request.
  Time since last request: 15.935917 seconds.
  path: Assets/Prefabs/CheckInNPC.prefab
  artifactKey: Guid(855a396a807120f419c60806d2e893c5) Importer(815301076,1909f56bfc062723c751e8b465ee728b)
Start importing Assets/Prefabs/CheckInNPC.prefab using Guid(855a396a807120f419c60806d2e893c5) Importer(815301076,1909f56bfc062723c751e8b465ee728b)  -> (artifact id: '2f014c7f5b7f09c90c171a3728f829cc') in 0.010223 seconds
Number of updated asset objects reloaded before import = 0
Number of asset objects unloaded after import = 30
========================================================================
Received Import Request.
  Time since last request: 56.472852 seconds.
  path: Assets/Prefabs/CheckInNPC.prefab
  artifactKey: Guid(855a396a807120f419c60806d2e893c5) Importer(815301076,1909f56bfc062723c751e8b465ee728b)
Start importing Assets/Prefabs/CheckInNPC.prefab using Guid(855a396a807120f419c60806d2e893c5) Importer(815301076,1909f56bfc062723c751e8b465ee728b)  -> (artifact id: '1ed0b00d265dcf1c8825e0408ef9c1d5') in 0.011318 seconds
Number of updated asset objects reloaded before import = 0
Number of asset objects unloaded after import = 30
========================================================================
Received Import Request.
  Time since last request: 52.588649 seconds.
  path: Assets/Prefabs/CheckInNPC.prefab
  artifactKey: Guid(855a396a807120f419c60806d2e893c5) Importer(815301076,1909f56bfc062723c751e8b465ee728b)
Start importing Assets/Prefabs/CheckInNPC.prefab using Guid(855a396a807120f419c60806d2e893c5) Importer(815301076,1909f56bfc062723c751e8b465ee728b)  -> (artifact id: '60980817d99e04a24fd61796b725ac88') in 0.021112 seconds
Number of updated asset objects reloaded before import = 0
Number of asset objects unloaded after import = 23
========================================================================
Received Prepare
Begin MonoManager ReloadAssembly
- Loaded All Assemblies, in  0.467 seconds
Refreshing native plugins compatible for Editor in 2.76 ms, found 3 plugins.
Native extension for WindowsStandalone target not found
Native extension for WebGL target not found
[Package Manager] Server::EnsureServerProcessIsRunning -- launch failed, reason: Unity was launched with the -noUpm command-line argument
[Package Manager] UpmClient::Send -- Unable to send message (not connected to UPM process).
[Package Manager] Cannot connect to Unity Package Manager local server
Mono: successfully reloaded assembly
- Finished resetting the current domain, in  0.975 seconds
Domain Reload Profiling: 1440ms
	BeginReloadAssembly (153ms)
		ExecutionOrderSort (0ms)
		DisableScriptedObjects (5ms)
		BackupInstance (0ms)
		ReleaseScriptingObjects (0ms)
		CreateAndSetChildDomain (40ms)
	RebuildCommonClasses (34ms)
	RebuildNativeTypeToScriptingClass (11ms)
	initialDomainReloadingComplete (27ms)
	LoadAllAssembliesAndSetupDomain (239ms)
		LoadAssemblies (302ms)
		RebuildTransferFunctionScriptingTraits (0ms)
		AnalyzeDomain (16ms)
			TypeCache.Refresh (8ms)
				TypeCache.ScanAssembly (0ms)
			ScanForSourceGeneratedMonoScriptInfo (0ms)
			ResolveRequiredComponents (6ms)
	FinalizeReload (975ms)
		ReleaseScriptCaches (0ms)
		RebuildScriptCaches (0ms)
		SetupLoadedEditorAssemblies (522ms)
			LogAssemblyErrors (0ms)
			InitializePlatformSupportModulesInManaged (9ms)
			SetLoadedEditorAssemblies (5ms)
			RefreshPlugins (0ms)
			BeforeProcessingInitializeOnLoad (105ms)
			ProcessInitializeOnLoadAttributes (377ms)
			ProcessInitializeOnLoadMethodAttributes (20ms)
			AfterProcessingInitializeOnLoad (6ms)
			EditorAssembliesLoaded (0ms)
		ExecutionOrderSort2 (0ms)
		AwakeInstancesAfterBackupRestoration (6ms)
Refreshing native plugins compatible for Editor in 3.00 ms, found 3 plugins.
Preloading 0 native plugins for Editor in 0.00 ms.
Unloading 3112 Unused Serialized files (Serialized files now loaded: 0)
Unloading 23 unused Assets / (30.7 KB). Loaded Objects now: 3603.
Memory consumption went from 125.6 MB to 125.6 MB.
Total: 3.025200 ms (FindLiveObjects: 0.407500 ms CreateObjectMapping: 0.079500 ms MarkObjects: 2.474600 ms  DeleteObjects: 0.062300 ms)

Prepare: number of updated asset objects reloaded= 0
AssetImportParameters requested are different than current active one (requested -> active):
  custom:container-demuxer-ogg: 62fdf1f143b41e24485cea50d1cbac27 -> 
  custom:video-decoder-ogg-theora: a1e56fd34408186e4bbccfd4996cb3dc -> 
  custom:framework-win-MediaFoundation: 216162199b28c13a410421893ffa2e32 -> 
  custom:CustomObjectIndexerAttribute: 9a22284fe3817be447336de3de66b15e -> 
  custom:container-demuxer-webm: 4f35f7cbe854078d1ac9338744f61a02 -> 
  custom:container-muxer-webm: aa71ff27fc2769a1b78a27578f13a17b -> 
  custom:video-decoder-webm-vp8: 9c59270c3fd7afecdb556c50c9e8de78 -> 
  custom:SearchIndexIgnoredProperties: e643bd26f0fe6173181afceb89e7c659 -> 
  custom:AudioImporter_EditorPlatform: d09bf68614088b80899f8185d706f6e7 -> 
  custom:video-encoder-webm-vp8: eb34c28f22e8b96e1ab97ce403110664 -> 
  custom:audio-decoder-ogg-vorbis: bf7c407c2cedff20999df2af8eb42d56 -> 
  custom:scripting/monoscript/fileName/PopUpManager.cs: 5b033561cee09c69ca88ecdffea365c0 -> 
  custom:audio-encoder-webm-vorbis: bf7c407c2cedff20999df2af8eb42d56 -> 
========================================================================
Received Import Request.
  Time since last request: 2591.512151 seconds.
  path: Assets/GameAssets/New Material.mat
  artifactKey: Guid(c276ebadb51eb364a8ffbefc449b2c87) Importer(815301076,1909f56bfc062723c751e8b465ee728b)
Start importing Assets/GameAssets/New Material.mat using Guid(c276ebadb51eb364a8ffbefc449b2c87) Importer(815301076,1909f56bfc062723c751e8b465ee728b)  -> (artifact id: '1462f3d6a4c0f3088bd4508b904e15b1') in 0.107723 seconds
Number of updated asset objects reloaded before import = 0
Number of asset objects unloaded after import = 1
========================================================================
Received Import Request.
  Time since last request: 49.544825 seconds.
  path: Assets/Imported
  artifactKey: Guid(fd4040af9d74c654e91ca1f7c0a8eb9d) Importer(815301076,1909f56bfc062723c751e8b465ee728b)
Start importing Assets/Imported using Guid(fd4040af9d74c654e91ca1f7c0a8eb9d) Importer(815301076,1909f56bfc062723c751e8b465ee728b)  -> (artifact id: '4ee7fc6999b2f2bb44fcfeb61547a0e5') in 0.000542 seconds
Number of updated asset objects reloaded before import = 0
Number of asset objects unloaded after import = 0
========================================================================
Received Import Request.
  Time since last request: 639.787294 seconds.
  path: Assets/GameAssets/Hands
  artifactKey: Guid(926f9ff081eeb1544958251a6f4b40dc) Importer(815301076,1909f56bfc062723c751e8b465ee728b)
Start importing Assets/GameAssets/Hands using Guid(926f9ff081eeb1544958251a6f4b40dc) Importer(815301076,1909f56bfc062723c751e8b465ee728b)  -> (artifact id: 'c018c0ee0952c853a5fc5358344eaeb6') in 0.000792 seconds
Number of updated asset objects reloaded before import = 0
Number of asset objects unloaded after import = 0
========================================================================
Received Import Request.
  Time since last request: 21.459909 seconds.
  path: Assets/Prefabs/NPC's
  artifactKey: Guid(23dd5608892b93546a31752aa8373155) Importer(815301076,1909f56bfc062723c751e8b465ee728b)
Start importing Assets/Prefabs/NPC's using Guid(23dd5608892b93546a31752aa8373155) Importer(815301076,1909f56bfc062723c751e8b465ee728b)  -> (artifact id: 'ae462f130804429196761c5817cf75e5') in 0.000581 seconds
Number of updated asset objects reloaded before import = 0
Number of asset objects unloaded after import = 0
========================================================================
Received Import Request.
  Time since last request: 8.043763 seconds.
  path: Assets/Prefabs/Books
  artifactKey: Guid(42dedb21fbe178c43b19add5da19940e) Importer(815301076,1909f56bfc062723c751e8b465ee728b)
Start importing Assets/Prefabs/Books using Guid(42dedb21fbe178c43b19add5da19940e) Importer(815301076,1909f56bfc062723c751e8b465ee728b)  -> (artifact id: 'cd69e3113e9fb8d602008165bd9241ee') in 0.000514 seconds
Number of updated asset objects reloaded before import = 0
Number of asset objects unloaded after import = 0
========================================================================
Received Prepare
Begin MonoManager ReloadAssembly
- Loaded All Assemblies, in  0.529 seconds
Refreshing native plugins compatible for Editor in 3.09 ms, found 3 plugins.
Native extension for WindowsStandalone target not found
Native extension for WebGL target not found
[Package Manager] Server::EnsureServerProcessIsRunning -- launch failed, reason: Unity was launched with the -noUpm command-line argument
[Package Manager] UpmClient::Send -- Unable to send message (not connected to UPM process).
[Package Manager] Cannot connect to Unity Package Manager local server
Mono: successfully reloaded assembly
- Finished resetting the current domain, in  1.031 seconds
Domain Reload Profiling: 1558ms
	BeginReloadAssembly (172ms)
		ExecutionOrderSort (0ms)
		DisableScriptedObjects (4ms)
		BackupInstance (0ms)
		ReleaseScriptingObjects (0ms)
		CreateAndSetChildDomain (49ms)
	RebuildCommonClasses (35ms)
	RebuildNativeTypeToScriptingClass (10ms)
	initialDomainReloadingComplete (29ms)
	LoadAllAssembliesAndSetupDomain (280ms)
		LoadAssemblies (350ms)
		RebuildTransferFunctionScriptingTraits (0ms)
		AnalyzeDomain (19ms)
			TypeCache.Refresh (8ms)
				TypeCache.ScanAssembly (0ms)
			ScanForSourceGeneratedMonoScriptInfo (0ms)
			ResolveRequiredComponents (8ms)
	FinalizeReload (1032ms)
		ReleaseScriptCaches (0ms)
		RebuildScriptCaches (0ms)
		SetupLoadedEditorAssemblies (515ms)
			LogAssemblyErrors (0ms)
			InitializePlatformSupportModulesInManaged (9ms)
			SetLoadedEditorAssemblies (6ms)
			RefreshPlugins (0ms)
			BeforeProcessingInitializeOnLoad (111ms)
			ProcessInitializeOnLoadAttributes (363ms)
			ProcessInitializeOnLoadMethodAttributes (19ms)
			AfterProcessingInitializeOnLoad (6ms)
			EditorAssembliesLoaded (0ms)
		ExecutionOrderSort2 (0ms)
		AwakeInstancesAfterBackupRestoration (6ms)
Refreshing native plugins compatible for Editor in 2.71 ms, found 3 plugins.
Preloading 0 native plugins for Editor in 0.00 ms.
Unloading 3112 Unused Serialized files (Serialized files now loaded: 0)
Unloading 23 unused Assets / (30.7 KB). Loaded Objects now: 3639.
Memory consumption went from 125.8 MB to 125.8 MB.
Total: 3.600800 ms (FindLiveObjects: 0.377600 ms CreateObjectMapping: 0.090700 ms MarkObjects: 3.075000 ms  DeleteObjects: 0.056600 ms)

Prepare: number of updated asset objects reloaded= 0
AssetImportParameters requested are different than current active one (requested -> active):
  custom:container-demuxer-ogg: 62fdf1f143b41e24485cea50d1cbac27 -> 
  custom:video-decoder-ogg-theora: a1e56fd34408186e4bbccfd4996cb3dc -> 
  custom:framework-win-MediaFoundation: 216162199b28c13a410421893ffa2e32 -> 
  custom:CustomObjectIndexerAttribute: 9a22284fe3817be447336de3de66b15e -> 
  custom:container-demuxer-webm: 4f35f7cbe854078d1ac9338744f61a02 -> 
  custom:container-muxer-webm: aa71ff27fc2769a1b78a27578f13a17b -> 
  custom:video-decoder-webm-vp8: 9c59270c3fd7afecdb556c50c9e8de78 -> 
  custom:SearchIndexIgnoredProperties: e643bd26f0fe6173181afceb89e7c659 -> 
  custom:AudioImporter_EditorPlatform: d09bf68614088b80899f8185d706f6e7 -> 
  custom:video-encoder-webm-vp8: eb34c28f22e8b96e1ab97ce403110664 -> 
  custom:audio-decoder-ogg-vorbis: bf7c407c2cedff20999df2af8eb42d56 -> 
  custom:scripting/monoscript/fileName/PopUpManager.cs: 5b033561cee09c69ca88ecdffea365c0 -> 
  custom:audio-encoder-webm-vorbis: bf7c407c2cedff20999df2af8eb42d56 -> 
========================================================================
Received Prepare
Begin MonoManager ReloadAssembly
- Loaded All Assemblies, in  0.483 seconds
Refreshing native plugins compatible for Editor in 2.55 ms, found 3 plugins.
Native extension for WindowsStandalone target not found
Native extension for WebGL target not found
[Package Manager] Server::EnsureServerProcessIsRunning -- launch failed, reason: Unity was launched with the -noUpm command-line argument
[Package Manager] UpmClient::Send -- Unable to send message (not connected to UPM process).
[Package Manager] Cannot connect to Unity Package Manager local server
Mono: successfully reloaded assembly
- Finished resetting the current domain, in  0.984 seconds
Domain Reload Profiling: 1466ms
	BeginReloadAssembly (159ms)
		ExecutionOrderSort (0ms)
		DisableScriptedObjects (5ms)
		BackupInstance (0ms)
		ReleaseScriptingObjects (0ms)
		CreateAndSetChildDomain (39ms)
	RebuildCommonClasses (37ms)
	RebuildNativeTypeToScriptingClass (11ms)
	initialDomainReloadingComplete (30ms)
	LoadAllAssembliesAndSetupDomain (243ms)
		LoadAssemblies (309ms)
		RebuildTransferFunctionScriptingTraits (0ms)
		AnalyzeDomain (15ms)
			TypeCache.Refresh (7ms)
				TypeCache.ScanAssembly (0ms)
			ScanForSourceGeneratedMonoScriptInfo (0ms)
			ResolveRequiredComponents (6ms)
	FinalizeReload (985ms)
		ReleaseScriptCaches (0ms)
		RebuildScriptCaches (0ms)
		SetupLoadedEditorAssemblies (527ms)
			LogAssemblyErrors (0ms)
			InitializePlatformSupportModulesInManaged (8ms)
			SetLoadedEditorAssemblies (7ms)
			RefreshPlugins (0ms)
			BeforeProcessingInitializeOnLoad (110ms)
			ProcessInitializeOnLoadAttributes (372ms)
			ProcessInitializeOnLoadMethodAttributes (23ms)
			AfterProcessingInitializeOnLoad (7ms)
			EditorAssembliesLoaded (0ms)
		ExecutionOrderSort2 (0ms)
		AwakeInstancesAfterBackupRestoration (7ms)
Refreshing native plugins compatible for Editor in 2.71 ms, found 3 plugins.
Preloading 0 native plugins for Editor in 0.00 ms.
Unloading 3112 Unused Serialized files (Serialized files now loaded: 0)
Unloading 23 unused Assets / (30.8 KB). Loaded Objects now: 3642.
Memory consumption went from 125.8 MB to 125.8 MB.
Total: 3.499300 ms (FindLiveObjects: 0.386400 ms CreateObjectMapping: 0.089900 ms MarkObjects: 2.931100 ms  DeleteObjects: 0.090700 ms)

Prepare: number of updated asset objects reloaded= 0
AssetImportParameters requested are different than current active one (requested -> active):
  custom:container-demuxer-ogg: 62fdf1f143b41e24485cea50d1cbac27 -> 
  custom:video-decoder-ogg-theora: a1e56fd34408186e4bbccfd4996cb3dc -> 
  custom:framework-win-MediaFoundation: 216162199b28c13a410421893ffa2e32 -> 
  custom:CustomObjectIndexerAttribute: 9a22284fe3817be447336de3de66b15e -> 
  custom:container-demuxer-webm: 4f35f7cbe854078d1ac9338744f61a02 -> 
  custom:container-muxer-webm: aa71ff27fc2769a1b78a27578f13a17b -> 
  custom:video-decoder-webm-vp8: 9c59270c3fd7afecdb556c50c9e8de78 -> 
  custom:SearchIndexIgnoredProperties: e643bd26f0fe6173181afceb89e7c659 -> 
  custom:AudioImporter_EditorPlatform: d09bf68614088b80899f8185d706f6e7 -> 
  custom:video-encoder-webm-vp8: eb34c28f22e8b96e1ab97ce403110664 -> 
  custom:audio-decoder-ogg-vorbis: bf7c407c2cedff20999df2af8eb42d56 -> 
  custom:scripting/monoscript/fileName/PopUpManager.cs: 5b033561cee09c69ca88ecdffea365c0 -> 
  custom:audio-encoder-webm-vorbis: bf7c407c2cedff20999df2af8eb42d56 -> 
========================================================================
Received Import Request.
  Time since last request: 132.234409 seconds.
  path: Assets/Prefabs/NPC's/CheckOutNPC.prefab
  artifactKey: Guid(9e29e39018165cd428af312c015c28bc) Importer(815301076,1909f56bfc062723c751e8b465ee728b)
Start importing Assets/Prefabs/NPC's/CheckOutNPC.prefab using Guid(9e29e39018165cd428af312c015c28bc) Importer(815301076,1909f56bfc062723c751e8b465ee728b)  -> (artifact id: '379998c24cc57a35e4d90197df15ed9f') in 0.140185 seconds
Number of updated asset objects reloaded before import = 0
Number of asset objects unloaded after import = 52
========================================================================
Received Import Request.
  Time since last request: 9.108415 seconds.
  path: Assets/Prefabs/NPC's/CheckOutNPC.prefab
  artifactKey: Guid(9e29e39018165cd428af312c015c28bc) Importer(815301076,1909f56bfc062723c751e8b465ee728b)
Start importing Assets/Prefabs/NPC's/CheckOutNPC.prefab using Guid(9e29e39018165cd428af312c015c28bc) Importer(815301076,1909f56bfc062723c751e8b465ee728b)  -> (artifact id: '550a2eedf848c89349186ddfe776a5b5') in 0.018878 seconds
Number of updated asset objects reloaded before import = 0
Number of asset objects unloaded after import = 55
========================================================================
Received Import Request.
  Time since last request: 3.374783 seconds.
  path: Assets/Prefabs/NPC's/CheckOutNPC.prefab
  artifactKey: Guid(9e29e39018165cd428af312c015c28bc) Importer(815301076,1909f56bfc062723c751e8b465ee728b)
Start importing Assets/Prefabs/NPC's/CheckOutNPC.prefab using Guid(9e29e39018165cd428af312c015c28bc) Importer(815301076,1909f56bfc062723c751e8b465ee728b)  -> (artifact id: '23e9e589e1b64c27bbde276a5bc2aa2c') in 0.012213 seconds
Number of updated asset objects reloaded before import = 0
Number of asset objects unloaded after import = 55
========================================================================
Received Import Request.
  Time since last request: 4.036229 seconds.
  path: Assets/Prefabs/NPC's/CheckOutNPC.prefab
  artifactKey: Guid(9e29e39018165cd428af312c015c28bc) Importer(815301076,1909f56bfc062723c751e8b465ee728b)
Start importing Assets/Prefabs/NPC's/CheckOutNPC.prefab using Guid(9e29e39018165cd428af312c015c28bc) Importer(815301076,1909f56bfc062723c751e8b465ee728b)  -> (artifact id: '439635919ea54ee29bd40116b9341387') in 0.010873 seconds
Number of updated asset objects reloaded before import = 0
Number of asset objects unloaded after import = 55
========================================================================
Received Import Request.
  Time since last request: 1.220640 seconds.
  path: Assets/Prefabs/NPC's/CheckOutNPC.prefab
  artifactKey: Guid(9e29e39018165cd428af312c015c28bc) Importer(815301076,1909f56bfc062723c751e8b465ee728b)
Start importing Assets/Prefabs/NPC's/CheckOutNPC.prefab using Guid(9e29e39018165cd428af312c015c28bc) Importer(815301076,1909f56bfc062723c751e8b465ee728b)  -> (artifact id: '89326fe8dd6d7658d7d66800998beb0a') in 0.022581 seconds
Number of updated asset objects reloaded before import = 0
Number of asset objects unloaded after import = 55
========================================================================
Received Import Request.
  Time since last request: 0.976157 seconds.
  path: Assets/Prefabs/NPC's/CheckOutNPC.prefab
  artifactKey: Guid(9e29e39018165cd428af312c015c28bc) Importer(815301076,1909f56bfc062723c751e8b465ee728b)
Start importing Assets/Prefabs/NPC's/CheckOutNPC.prefab using Guid(9e29e39018165cd428af312c015c28bc) Importer(815301076,1909f56bfc062723c751e8b465ee728b)  -> (artifact id: '45c135cc5cdfe999bf7df27884b18a96') in 0.015853 seconds
Number of updated asset objects reloaded before import = 0
Number of asset objects unloaded after import = 55
========================================================================
Received Import Request.
  Time since last request: 0.807970 seconds.
  path: Assets/Prefabs/NPC's/CheckOutNPC.prefab
  artifactKey: Guid(9e29e39018165cd428af312c015c28bc) Importer(815301076,1909f56bfc062723c751e8b465ee728b)
Start importing Assets/Prefabs/NPC's/CheckOutNPC.prefab using Guid(9e29e39018165cd428af312c015c28bc) Importer(815301076,1909f56bfc062723c751e8b465ee728b)  -> (artifact id: '81a16f38c673b8d213f3523a816141a4') in 0.015167 seconds
Number of updated asset objects reloaded before import = 0
Number of asset objects unloaded after import = 55
========================================================================
Received Import Request.
  Time since last request: 1.397458 seconds.
  path: Assets/Prefabs/NPC's/CheckOutNPC.prefab
  artifactKey: Guid(9e29e39018165cd428af312c015c28bc) Importer(815301076,1909f56bfc062723c751e8b465ee728b)
Start importing Assets/Prefabs/NPC's/CheckOutNPC.prefab using Guid(9e29e39018165cd428af312c015c28bc) Importer(815301076,1909f56bfc062723c751e8b465ee728b)  -> (artifact id: 'a565d0228668bcc123caf03d5f047d64') in 0.010829 seconds
Number of updated asset objects reloaded before import = 0
Number of asset objects unloaded after import = 55
========================================================================
Received Import Request.
  Time since last request: 1.604511 seconds.
  path: Assets/Prefabs/NPC's/CheckOutNPC.prefab
  artifactKey: Guid(9e29e39018165cd428af312c015c28bc) Importer(815301076,1909f56bfc062723c751e8b465ee728b)
Start importing Assets/Prefabs/NPC's/CheckOutNPC.prefab using Guid(9e29e39018165cd428af312c015c28bc) Importer(815301076,1909f56bfc062723c751e8b465ee728b)  -> (artifact id: '27996415a445a455fadf7a636df5b024') in 0.017415 seconds
Number of updated asset objects reloaded before import = 0
Number of asset objects unloaded after import = 55
========================================================================
Received Import Request.
  Time since last request: 1.587916 seconds.
  path: Assets/Prefabs/NPC's/CheckOutNPC.prefab
  artifactKey: Guid(9e29e39018165cd428af312c015c28bc) Importer(815301076,1909f56bfc062723c751e8b465ee728b)
Start importing Assets/Prefabs/NPC's/CheckOutNPC.prefab using Guid(9e29e39018165cd428af312c015c28bc) Importer(815301076,1909f56bfc062723c751e8b465ee728b)  -> (artifact id: '87fd29fa09548001645dd189d01600e6') in 0.012930 seconds
Number of updated asset objects reloaded before import = 0
Number of asset objects unloaded after import = 55
========================================================================
Received Import Request.
  Time since last request: 1.606808 seconds.
  path: Assets/Prefabs/NPC's/CheckOutNPC.prefab
  artifactKey: Guid(9e29e39018165cd428af312c015c28bc) Importer(815301076,1909f56bfc062723c751e8b465ee728b)
Start importing Assets/Prefabs/NPC's/CheckOutNPC.prefab using Guid(9e29e39018165cd428af312c015c28bc) Importer(815301076,1909f56bfc062723c751e8b465ee728b)  -> (artifact id: 'b7b200fd2f7a4b50eca2ae82f1575b66') in 0.016003 seconds
Number of updated asset objects reloaded before import = 0
Number of asset objects unloaded after import = 55
========================================================================
Received Import Request.
  Time since last request: 2.604222 seconds.
  path: Assets/Prefabs/NPC's/CheckOutNPC.prefab
  artifactKey: Guid(9e29e39018165cd428af312c015c28bc) Importer(815301076,1909f56bfc062723c751e8b465ee728b)
Start importing Assets/Prefabs/NPC's/CheckOutNPC.prefab using Guid(9e29e39018165cd428af312c015c28bc) Importer(815301076,1909f56bfc062723c751e8b465ee728b)  -> (artifact id: '3e0ed152f4e14254a8fec4f2d3d9174f') in 0.015396 seconds
Number of updated asset objects reloaded before import = 0
Number of asset objects unloaded after import = 60
========================================================================
Received Import Request.
  Time since last request: 2.408042 seconds.
  path: Assets/Prefabs/NPC's/CheckOutNPC.prefab
  artifactKey: Guid(9e29e39018165cd428af312c015c28bc) Importer(815301076,1909f56bfc062723c751e8b465ee728b)
Start importing Assets/Prefabs/NPC's/CheckOutNPC.prefab using Guid(9e29e39018165cd428af312c015c28bc) Importer(815301076,1909f56bfc062723c751e8b465ee728b)  -> (artifact id: '9f477d7d90bc8855bec80be2dab05d86') in 0.015438 seconds
Number of updated asset objects reloaded before import = 0
Number of asset objects unloaded after import = 60
========================================================================
Received Import Request.
  Time since last request: 20.222112 seconds.
  path: Assets/Prefabs/NPC's/CheckInNPC.prefab
  artifactKey: Guid(855a396a807120f419c60806d2e893c5) Importer(815301076,1909f56bfc062723c751e8b465ee728b)
Start importing Assets/Prefabs/NPC's/CheckInNPC.prefab using Guid(855a396a807120f419c60806d2e893c5) Importer(815301076,1909f56bfc062723c751e8b465ee728b)  -> (artifact id: 'c8aafc46dc8a98c61acaa079fdbadd5c') in 0.020071 seconds
Number of updated asset objects reloaded before import = 0
Number of asset objects unloaded after import = 28
========================================================================
Received Import Request.
  Time since last request: 7.008556 seconds.
  path: Assets/Prefabs/NPC's/CheckInNPC.prefab
  artifactKey: Guid(855a396a807120f419c60806d2e893c5) Importer(815301076,1909f56bfc062723c751e8b465ee728b)
Start importing Assets/Prefabs/NPC's/CheckInNPC.prefab using Guid(855a396a807120f419c60806d2e893c5) Importer(815301076,1909f56bfc062723c751e8b465ee728b)  -> (artifact id: '069b92239dac2d31dc991128a4cee3bc') in 0.012363 seconds
Number of updated asset objects reloaded before import = 0
Number of asset objects unloaded after import = 28
========================================================================
Received Import Request.
  Time since last request: 1.803525 seconds.
  path: Assets/Prefabs/NPC's/CheckInNPC.prefab
  artifactKey: Guid(855a396a807120f419c60806d2e893c5) Importer(815301076,1909f56bfc062723c751e8b465ee728b)
Start importing Assets/Prefabs/NPC's/CheckInNPC.prefab using Guid(855a396a807120f419c60806d2e893c5) Importer(815301076,1909f56bfc062723c751e8b465ee728b)  -> (artifact id: 'd143b43a236f26f421762a61db7ef076') in 0.013968 seconds
Number of updated asset objects reloaded before import = 0
Number of asset objects unloaded after import = 28
========================================================================
Received Import Request.
  Time since last request: 2.605884 seconds.
  path: Assets/Prefabs/NPC's/CheckInNPC.prefab
  artifactKey: Guid(855a396a807120f419c60806d2e893c5) Importer(815301076,1909f56bfc062723c751e8b465ee728b)
Start importing Assets/Prefabs/NPC's/CheckInNPC.prefab using Guid(855a396a807120f419c60806d2e893c5) Importer(815301076,1909f56bfc062723c751e8b465ee728b)  -> (artifact id: 'c66cf112e77a309b5075cdbb682bb3c9') in 0.015080 seconds
Number of updated asset objects reloaded before import = 0
Number of asset objects unloaded after import = 28
========================================================================
Received Import Request.
  Time since last request: 1.799651 seconds.
  path: Assets/Prefabs/NPC's/CheckInNPC.prefab
  artifactKey: Guid(855a396a807120f419c60806d2e893c5) Importer(815301076,1909f56bfc062723c751e8b465ee728b)
Start importing Assets/Prefabs/NPC's/CheckInNPC.prefab using Guid(855a396a807120f419c60806d2e893c5) Importer(815301076,1909f56bfc062723c751e8b465ee728b)  -> (artifact id: '7efb1d1e220e49e220167d7764aed038') in 0.013459 seconds
Number of updated asset objects reloaded before import = 0
Number of asset objects unloaded after import = 28
========================================================================
Received Import Request.
  Time since last request: 2.209357 seconds.
  path: Assets/Prefabs/NPC's/CheckInNPC.prefab
  artifactKey: Guid(855a396a807120f419c60806d2e893c5) Importer(815301076,1909f56bfc062723c751e8b465ee728b)
Start importing Assets/Prefabs/NPC's/CheckInNPC.prefab using Guid(855a396a807120f419c60806d2e893c5) Importer(815301076,1909f56bfc062723c751e8b465ee728b)  -> (artifact id: '08250ae97418a865919e2e5debb683f0') in 0.012513 seconds
Number of updated asset objects reloaded before import = 0
Number of asset objects unloaded after import = 28
========================================================================
Received Import Request.
  Time since last request: 1.201052 seconds.
  path: Assets/Prefabs/NPC's/CheckInNPC.prefab
  artifactKey: Guid(855a396a807120f419c60806d2e893c5) Importer(815301076,1909f56bfc062723c751e8b465ee728b)
Start importing Assets/Prefabs/NPC's/CheckInNPC.prefab using Guid(855a396a807120f419c60806d2e893c5) Importer(815301076,1909f56bfc062723c751e8b465ee728b)  -> (artifact id: '5384ffb42b14e7ebd5e99e55ede97948') in 0.014814 seconds
Number of updated asset objects reloaded before import = 0
Number of asset objects unloaded after import = 28
========================================================================
Received Import Request.
  Time since last request: 2.203477 seconds.
  path: Assets/Prefabs/NPC's/CheckInNPC.prefab
  artifactKey: Guid(855a396a807120f419c60806d2e893c5) Importer(815301076,1909f56bfc062723c751e8b465ee728b)
Start importing Assets/Prefabs/NPC's/CheckInNPC.prefab using Guid(855a396a807120f419c60806d2e893c5) Importer(815301076,1909f56bfc062723c751e8b465ee728b)  -> (artifact id: '8e4c14b613022a47705ca1c6e89c6809') in 0.013569 seconds
Number of updated asset objects reloaded before import = 0
Number of asset objects unloaded after import = 28
========================================================================
Received Import Request.
  Time since last request: 2.031382 seconds.
  path: Assets/Prefabs/NPC's/CheckInNPC.prefab
  artifactKey: Guid(855a396a807120f419c60806d2e893c5) Importer(815301076,1909f56bfc062723c751e8b465ee728b)
Start importing Assets/Prefabs/NPC's/CheckInNPC.prefab using Guid(855a396a807120f419c60806d2e893c5) Importer(815301076,1909f56bfc062723c751e8b465ee728b)  -> (artifact id: '6a5c10f5a1d8d81f8f89266c848002f6') in 0.019231 seconds
Number of updated asset objects reloaded before import = 0
Number of asset objects unloaded after import = 28
========================================================================
Received Import Request.
  Time since last request: 1.993660 seconds.
  path: Assets/Prefabs/NPC's/CheckInNPC.prefab
  artifactKey: Guid(855a396a807120f419c60806d2e893c5) Importer(815301076,1909f56bfc062723c751e8b465ee728b)
Start importing Assets/Prefabs/NPC's/CheckInNPC.prefab using Guid(855a396a807120f419c60806d2e893c5) Importer(815301076,1909f56bfc062723c751e8b465ee728b)  -> (artifact id: 'a6fbf308d06c3bf6a5372d67a495a2b8') in 0.014000 seconds
Number of updated asset objects reloaded before import = 0
Number of asset objects unloaded after import = 28
========================================================================
Received Import Request.
  Time since last request: 2.004531 seconds.
  path: Assets/Prefabs/NPC's/CheckInNPC.prefab
  artifactKey: Guid(855a396a807120f419c60806d2e893c5) Importer(815301076,1909f56bfc062723c751e8b465ee728b)
Start importing Assets/Prefabs/NPC's/CheckInNPC.prefab using Guid(855a396a807120f419c60806d2e893c5) Importer(815301076,1909f56bfc062723c751e8b465ee728b)  -> (artifact id: 'd9158ef43636575d5048476b199cb776') in 0.019807 seconds
Number of updated asset objects reloaded before import = 0
Number of asset objects unloaded after import = 28
========================================================================
Received Import Request.
  Time since last request: 1.801816 seconds.
  path: Assets/Prefabs/NPC's/CheckInNPC.prefab
  artifactKey: Guid(855a396a807120f419c60806d2e893c5) Importer(815301076,1909f56bfc062723c751e8b465ee728b)
Start importing Assets/Prefabs/NPC's/CheckInNPC.prefab using Guid(855a396a807120f419c60806d2e893c5) Importer(815301076,1909f56bfc062723c751e8b465ee728b)  -> (artifact id: 'd36b5e1f91e758578afa6549c863e24b') in 0.013394 seconds
Number of updated asset objects reloaded before import = 0
Number of asset objects unloaded after import = 33
========================================================================
Received Import Request.
  Time since last request: 5.229612 seconds.
  path: Assets/Prefabs/NPC's/CheckInNPC.prefab
  artifactKey: Guid(855a396a807120f419c60806d2e893c5) Importer(815301076,1909f56bfc062723c751e8b465ee728b)
Start importing Assets/Prefabs/NPC's/CheckInNPC.prefab using Guid(855a396a807120f419c60806d2e893c5) Importer(815301076,1909f56bfc062723c751e8b465ee728b)  -> (artifact id: '12189700bd361e02c3e7942ce8e69c91') in 0.014748 seconds
Number of updated asset objects reloaded before import = 0
Number of asset objects unloaded after import = 33
========================================================================
Received Import Request.
  Time since last request: 3.005725 seconds.
  path: Assets/Prefabs/NPC's/CheckInNPC.prefab
  artifactKey: Guid(855a396a807120f419c60806d2e893c5) Importer(815301076,1909f56bfc062723c751e8b465ee728b)
Start importing Assets/Prefabs/NPC's/CheckInNPC.prefab using Guid(855a396a807120f419c60806d2e893c5) Importer(815301076,1909f56bfc062723c751e8b465ee728b)  -> (artifact id: 'd0ffd36972003ffcf451b4dfae9b203b') in 0.013992 seconds
Number of updated asset objects reloaded before import = 0
Number of asset objects unloaded after import = 33
========================================================================
Received Import Request.
  Time since last request: 2.015421 seconds.
  path: Assets/Prefabs/NPC's/CheckInNPC.prefab
  artifactKey: Guid(855a396a807120f419c60806d2e893c5) Importer(815301076,1909f56bfc062723c751e8b465ee728b)
Start importing Assets/Prefabs/NPC's/CheckInNPC.prefab using Guid(855a396a807120f419c60806d2e893c5) Importer(815301076,1909f56bfc062723c751e8b465ee728b)  -> (artifact id: 'd8988c927c1ab3e65bc96c9e4c7ee61a') in 0.017295 seconds
Number of updated asset objects reloaded before import = 0
Number of asset objects unloaded after import = 33
========================================================================
Received Import Request.
  Time since last request: 1.379104 seconds.
  path: Assets/Prefabs/NPC's/CheckInNPC.prefab
  artifactKey: Guid(855a396a807120f419c60806d2e893c5) Importer(815301076,1909f56bfc062723c751e8b465ee728b)
Start importing Assets/Prefabs/NPC's/CheckInNPC.prefab using Guid(855a396a807120f419c60806d2e893c5) Importer(815301076,1909f56bfc062723c751e8b465ee728b)  -> (artifact id: '14a8731bc39dd570722d94e479cb5bb0') in 0.013802 seconds
Number of updated asset objects reloaded before import = 0
Number of asset objects unloaded after import = 33
========================================================================
Received Import Request.
  Time since last request: 8.476878 seconds.
  path: Assets/Prefabs/NPC's/CheckInNPC.prefab
  artifactKey: Guid(855a396a807120f419c60806d2e893c5) Importer(815301076,1909f56bfc062723c751e8b465ee728b)
Start importing Assets/Prefabs/NPC's/CheckInNPC.prefab using Guid(855a396a807120f419c60806d2e893c5) Importer(815301076,1909f56bfc062723c751e8b465ee728b)  -> (artifact id: '1d4a69bb9eb65b328df04c1fee257441') in 0.014481 seconds
Number of updated asset objects reloaded before import = 0
Number of asset objects unloaded after import = 33
========================================================================
Received Import Request.
  Time since last request: 7.851540 seconds.
  path: Assets/Prefabs/NPC's/CheckInNPC.prefab
  artifactKey: Guid(855a396a807120f419c60806d2e893c5) Importer(815301076,1909f56bfc062723c751e8b465ee728b)
Start importing Assets/Prefabs/NPC's/CheckInNPC.prefab using Guid(855a396a807120f419c60806d2e893c5) Importer(815301076,1909f56bfc062723c751e8b465ee728b)  -> (artifact id: '958e85095a8d4bef9ddd4bf60d49d0c5') in 0.014980 seconds
Number of updated asset objects reloaded before import = 0
Number of asset objects unloaded after import = 33
========================================================================
Received Import Request.
  Time since last request: 2.002080 seconds.
  path: Assets/Prefabs/NPC's/CheckInNPC.prefab
  artifactKey: Guid(855a396a807120f419c60806d2e893c5) Importer(815301076,1909f56bfc062723c751e8b465ee728b)
Start importing Assets/Prefabs/NPC's/CheckInNPC.prefab using Guid(855a396a807120f419c60806d2e893c5) Importer(815301076,1909f56bfc062723c751e8b465ee728b)  -> (artifact id: 'debc5805795d6e311ef12d4c5ac48570') in 0.013595 seconds
Number of updated asset objects reloaded before import = 0
Number of asset objects unloaded after import = 33
========================================================================
Received Prepare
Begin MonoManager ReloadAssembly
- Loaded All Assemblies, in  0.468 seconds
Refreshing native plugins compatible for Editor in 2.97 ms, found 3 plugins.
Native extension for WindowsStandalone target not found
Native extension for WebGL target not found
[Package Manager] Server::EnsureServerProcessIsRunning -- launch failed, reason: Unity was launched with the -noUpm command-line argument
[Package Manager] UpmClient::Send -- Unable to send message (not connected to UPM process).
[Package Manager] Cannot connect to Unity Package Manager local server
Mono: successfully reloaded assembly
- Finished resetting the current domain, in  1.001 seconds
Domain Reload Profiling: 1467ms
	BeginReloadAssembly (157ms)
		ExecutionOrderSort (0ms)
		DisableScriptedObjects (4ms)
		BackupInstance (0ms)
		ReleaseScriptingObjects (0ms)
		CreateAndSetChildDomain (42ms)
	RebuildCommonClasses (31ms)
	RebuildNativeTypeToScriptingClass (11ms)
	initialDomainReloadingComplete (32ms)
	LoadAllAssembliesAndSetupDomain (234ms)
		LoadAssemblies (300ms)
		RebuildTransferFunctionScriptingTraits (0ms)
		AnalyzeDomain (14ms)
			TypeCache.Refresh (7ms)
				TypeCache.ScanAssembly (0ms)
			ScanForSourceGeneratedMonoScriptInfo (0ms)
			ResolveRequiredComponents (5ms)
	FinalizeReload (1002ms)
		ReleaseScriptCaches (0ms)
		RebuildScriptCaches (0ms)
		SetupLoadedEditorAssemblies (538ms)
			LogAssemblyErrors (0ms)
			InitializePlatformSupportModulesInManaged (9ms)
			SetLoadedEditorAssemblies (6ms)
			RefreshPlugins (0ms)
			BeforeProcessingInitializeOnLoad (112ms)
			ProcessInitializeOnLoadAttributes (382ms)
			ProcessInitializeOnLoadMethodAttributes (21ms)
			AfterProcessingInitializeOnLoad (8ms)
			EditorAssembliesLoaded (0ms)
		ExecutionOrderSort2 (0ms)
		AwakeInstancesAfterBackupRestoration (8ms)
Refreshing native plugins compatible for Editor in 2.95 ms, found 3 plugins.
Preloading 0 native plugins for Editor in 0.00 ms.
Unloading 3112 Unused Serialized files (Serialized files now loaded: 0)
Unloading 23 unused Assets / (30.7 KB). Loaded Objects now: 3649.
Memory consumption went from 126.0 MB to 126.0 MB.
Total: 3.604300 ms (FindLiveObjects: 0.374200 ms CreateObjectMapping: 0.078100 ms MarkObjects: 3.098900 ms  DeleteObjects: 0.052100 ms)

Prepare: number of updated asset objects reloaded= 0
AssetImportParameters requested are different than current active one (requested -> active):
  custom:container-demuxer-ogg: 62fdf1f143b41e24485cea50d1cbac27 -> 
  custom:video-decoder-ogg-theora: a1e56fd34408186e4bbccfd4996cb3dc -> 
  custom:framework-win-MediaFoundation: 216162199b28c13a410421893ffa2e32 -> 
  custom:CustomObjectIndexerAttribute: 9a22284fe3817be447336de3de66b15e -> 
  custom:container-demuxer-webm: 4f35f7cbe854078d1ac9338744f61a02 -> 
  custom:container-muxer-webm: aa71ff27fc2769a1b78a27578f13a17b -> 
  custom:video-decoder-webm-vp8: 9c59270c3fd7afecdb556c50c9e8de78 -> 
  custom:SearchIndexIgnoredProperties: e643bd26f0fe6173181afceb89e7c659 -> 
  custom:AudioImporter_EditorPlatform: d09bf68614088b80899f8185d706f6e7 -> 
  custom:video-encoder-webm-vp8: eb34c28f22e8b96e1ab97ce403110664 -> 
  custom:audio-decoder-ogg-vorbis: bf7c407c2cedff20999df2af8eb42d56 -> 
  custom:scripting/monoscript/fileName/PopUpManager.cs: 5b033561cee09c69ca88ecdffea365c0 -> 
  custom:audio-encoder-webm-vorbis: bf7c407c2cedff20999df2af8eb42d56 -> 
