Using pre-set license
Built from '2022.3/staging' branch; Version is '2022.3.26f1 (ec6cd8118806) revision 15494360'; Using compiler version '192829333'; Build Type 'Release'
OS: 'Windows 10  (10.0.19045) 64bit Core' Language: 'en' Physical Memory: 16309 MB
BatchMode: 1, IsHumanControllingUs: 0, StartBugReporterOnCrash: 0, Is64bit: 1, IsPro: 1

COMMAND LINE ARGUMENTS:
C:\Program Files\Unity\Hub\Editor\2022.3.26f1\Editor\Unity.exe
-adb2
-batchMode
-noUpm
-name
AssetImportWorker7
-projectPath
C:/Users/willi/Desktop/LibrarianGame/LibraryGame
-logFile
Logs/AssetImportWorker7.log
-srvPort
54126
Successfully changed project path to: C:/Users/willi/Desktop/LibrarianGame/LibraryGame
C:/Users/willi/Desktop/LibrarianGame/LibraryGame
[UnityMemory] Configuration Parameters - Can be set up in boot.config
    "memorysetup-bucket-allocator-granularity=16"
    "memorysetup-bucket-allocator-bucket-count=8"
    "memorysetup-bucket-allocator-block-size=33554432"
    "memorysetup-bucket-allocator-block-count=8"
    "memorysetup-main-allocator-block-size=16777216"
    "memorysetup-thread-allocator-block-size=16777216"
    "memorysetup-gfx-main-allocator-block-size=16777216"
    "memorysetup-gfx-thread-allocator-block-size=16777216"
    "memorysetup-cache-allocator-block-size=4194304"
    "memorysetup-typetree-allocator-block-size=2097152"
    "memorysetup-profiler-bucket-allocator-granularity=16"
    "memorysetup-profiler-bucket-allocator-bucket-count=8"
    "memorysetup-profiler-bucket-allocator-block-size=33554432"
    "memorysetup-profiler-bucket-allocator-block-count=8"
    "memorysetup-profiler-allocator-block-size=16777216"
    "memorysetup-profiler-editor-allocator-block-size=1048576"
    "memorysetup-temp-allocator-size-main=16777216"
    "memorysetup-job-temp-allocator-block-size=2097152"
    "memorysetup-job-temp-allocator-block-size-background=1048576"
    "memorysetup-job-temp-allocator-reduction-small-platforms=262144"
    "memorysetup-allocator-temp-initial-block-size-main=262144"
    "memorysetup-allocator-temp-initial-block-size-worker=262144"
    "memorysetup-temp-allocator-size-background-worker=32768"
    "memorysetup-temp-allocator-size-job-worker=262144"
    "memorysetup-temp-allocator-size-preload-manager=33554432"
    "memorysetup-temp-allocator-size-nav-mesh-worker=65536"
    "memorysetup-temp-allocator-size-audio-worker=65536"
    "memorysetup-temp-allocator-size-cloud-worker=32768"
    "memorysetup-temp-allocator-size-gi-baking-worker=262144"
    "memorysetup-temp-allocator-size-gfx=262144"
Player connection [6236] Host "[IP] 192.168.2.139 [Port] 0 [Flags] 2 [Guid] 3317268991 [EditorId] 3317268991 [Version] 1048832 [Id] WindowsEditor(7,DESKTOP-1CQ20J4) [Debug] 1 [PackageName] WindowsEditor [ProjectName] Editor" joined multi-casting on [225.0.0.222:54997]...

Player connection [6236] Host "[IP] 192.168.2.139 [Port] 0 [Flags] 2 [Guid] 3317268991 [EditorId] 3317268991 [Version] 1048832 [Id] WindowsEditor(7,DESKTOP-1CQ20J4) [Debug] 1 [PackageName] WindowsEditor [ProjectName] Editor" joined alternative multi-casting on [225.0.0.222:34997]...

[Physics::Module] Initialized MultithreadedJobDispatcher with 11 workers.
Refreshing native plugins compatible for Editor in 10.55 ms, found 3 plugins.
Preloading 0 native plugins for Editor in 0.00 ms.
Initialize engine version: 2022.3.26f1 (ec6cd8118806)
[Subsystems] Discovering subsystems at path C:/Program Files/Unity/Hub/Editor/2022.3.26f1/Editor/Data/Resources/UnitySubsystems
[Subsystems] Discovering subsystems at path C:/Users/willi/Desktop/LibrarianGame/LibraryGame/Assets
GfxDevice: creating device client; threaded=0; jobified=0
Direct3D:
    Version:  Direct3D 11.0 [level 11.1]
    Renderer: NVIDIA GeForce RTX 3060 (ID=0x2503)
    Vendor:   NVIDIA
    VRAM:     12115 MB
    Driver:   31.0.15.5222
Initialize mono
Mono path[0] = 'C:/Program Files/Unity/Hub/Editor/2022.3.26f1/Editor/Data/Managed'
Mono path[1] = 'C:/Program Files/Unity/Hub/Editor/2022.3.26f1/Editor/Data/MonoBleedingEdge/lib/mono/unityjit-win32'
Mono config path = 'C:/Program Files/Unity/Hub/Editor/2022.3.26f1/Editor/Data/MonoBleedingEdge/etc'
Using monoOptions --debugger-agent=transport=dt_socket,embedding=1,server=y,suspend=n,address=127.0.0.1:56300
Begin MonoManager ReloadAssembly
Registering precompiled unity dll's ...
Register platform support module: C:/Program Files/Unity/Hub/Editor/2022.3.26f1/Editor/Data/PlaybackEngines/WebGLSupport/UnityEditor.WebGL.Extensions.dll
Register platform support module: C:/Program Files/Unity/Hub/Editor/2022.3.26f1/Editor/Data/PlaybackEngines/WindowsStandaloneSupport/UnityEditor.WindowsStandalone.Extensions.dll
Registered in 0.008805 seconds.
- Loaded All Assemblies, in  0.312 seconds
Native extension for WindowsStandalone target not found
Native extension for WebGL target not found
Mono: successfully reloaded assembly
- Finished resetting the current domain, in  0.242 seconds
Domain Reload Profiling: 553ms
	BeginReloadAssembly (95ms)
		ExecutionOrderSort (0ms)
		DisableScriptedObjects (0ms)
		BackupInstance (0ms)
		ReleaseScriptingObjects (0ms)
		CreateAndSetChildDomain (1ms)
	RebuildCommonClasses (30ms)
	RebuildNativeTypeToScriptingClass (10ms)
	initialDomainReloadingComplete (54ms)
	LoadAllAssembliesAndSetupDomain (122ms)
		LoadAssemblies (93ms)
		RebuildTransferFunctionScriptingTraits (0ms)
		AnalyzeDomain (120ms)
			TypeCache.Refresh (118ms)
				TypeCache.ScanAssembly (106ms)
			ScanForSourceGeneratedMonoScriptInfo (0ms)
			ResolveRequiredComponents (0ms)
	FinalizeReload (242ms)
		ReleaseScriptCaches (0ms)
		RebuildScriptCaches (0ms)
		SetupLoadedEditorAssemblies (187ms)
			LogAssemblyErrors (0ms)
			InitializePlatformSupportModulesInManaged (11ms)
			SetLoadedEditorAssemblies (6ms)
			RefreshPlugins (0ms)
			BeforeProcessingInitializeOnLoad (2ms)
			ProcessInitializeOnLoadAttributes (129ms)
			ProcessInitializeOnLoadMethodAttributes (40ms)
			AfterProcessingInitializeOnLoad (0ms)
			EditorAssembliesLoaded (0ms)
		ExecutionOrderSort2 (0ms)
		AwakeInstancesAfterBackupRestoration (0ms)
========================================================================
Worker process is ready to serve import requests
Begin MonoManager ReloadAssembly
- Loaded All Assemblies, in  0.563 seconds
Refreshing native plugins compatible for Editor in 2.97 ms, found 3 plugins.
Native extension for WindowsStandalone target not found
Native extension for WebGL target not found
Package Manager log level set to [2]
[Package Manager] Server::EnsureServerProcessIsRunning -- launch failed, reason: Unity was launched with the -noUpm command-line argument
[Package Manager] UpmClient::Send -- Unable to send message (not connected to UPM process).
[Package Manager] Cannot connect to Unity Package Manager local server
Mono: successfully reloaded assembly
- Finished resetting the current domain, in  0.607 seconds
Domain Reload Profiling: 1169ms
	BeginReloadAssembly (131ms)
		ExecutionOrderSort (0ms)
		DisableScriptedObjects (5ms)
		BackupInstance (0ms)
		ReleaseScriptingObjects (0ms)
		CreateAndSetChildDomain (23ms)
	RebuildCommonClasses (31ms)
	RebuildNativeTypeToScriptingClass (10ms)
	initialDomainReloadingComplete (36ms)
	LoadAllAssembliesAndSetupDomain (353ms)
		LoadAssemblies (275ms)
		RebuildTransferFunctionScriptingTraits (0ms)
		AnalyzeDomain (151ms)
			TypeCache.Refresh (132ms)
				TypeCache.ScanAssembly (120ms)
			ScanForSourceGeneratedMonoScriptInfo (13ms)
			ResolveRequiredComponents (5ms)
	FinalizeReload (607ms)
		ReleaseScriptCaches (0ms)
		RebuildScriptCaches (0ms)
		SetupLoadedEditorAssemblies (475ms)
			LogAssemblyErrors (0ms)
			InitializePlatformSupportModulesInManaged (7ms)
			SetLoadedEditorAssemblies (5ms)
			RefreshPlugins (0ms)
			BeforeProcessingInitializeOnLoad (94ms)
			ProcessInitializeOnLoadAttributes (344ms)
			ProcessInitializeOnLoadMethodAttributes (17ms)
			AfterProcessingInitializeOnLoad (7ms)
			EditorAssembliesLoaded (0ms)
		ExecutionOrderSort2 (0ms)
		AwakeInstancesAfterBackupRestoration (5ms)
Launched and connected shader compiler UnityShaderCompiler.exe after 0.04 seconds
Refreshing native plugins compatible for Editor in 2.85 ms, found 3 plugins.
Preloading 0 native plugins for Editor in 0.00 ms.
Unloading 3102 Unused Serialized files (Serialized files now loaded: 0)
Unloading 33 unused Assets / (57.6 KB). Loaded Objects now: 3564.
Memory consumption went from 121.9 MB to 121.8 MB.
Total: 2.914100 ms (FindLiveObjects: 0.274400 ms CreateObjectMapping: 0.099800 ms MarkObjects: 2.433400 ms  DeleteObjects: 0.105200 ms)

AssetImportParameters requested are different than current active one (requested -> active):
  custom:container-demuxer-ogg: 62fdf1f143b41e24485cea50d1cbac27 -> 
  custom:video-decoder-ogg-theora: a1e56fd34408186e4bbccfd4996cb3dc -> 
  custom:framework-win-MediaFoundation: 216162199b28c13a410421893ffa2e32 -> 
  custom:CustomObjectIndexerAttribute: 9a22284fe3817be447336de3de66b15e -> 
  custom:container-demuxer-webm: 4f35f7cbe854078d1ac9338744f61a02 -> 
  custom:container-muxer-webm: aa71ff27fc2769a1b78a27578f13a17b -> 
  custom:video-decoder-webm-vp8: 9c59270c3fd7afecdb556c50c9e8de78 -> 
  custom:SearchIndexIgnoredProperties: e643bd26f0fe6173181afceb89e7c659 -> 
  custom:AudioImporter_EditorPlatform: d09bf68614088b80899f8185d706f6e7 -> 
  custom:video-encoder-webm-vp8: eb34c28f22e8b96e1ab97ce403110664 -> 
  custom:audio-decoder-ogg-vorbis: bf7c407c2cedff20999df2af8eb42d56 -> 
  custom:audio-encoder-webm-vorbis: bf7c407c2cedff20999df2af8eb42d56 -> 
========================================================================
Received Import Request.
  Time since last request: 239288.977728 seconds.
  path: Assets/Materials/Book/Materials/RedBooks/Red_B.mat
  artifactKey: Guid(129ce2f2ac6e2b64ebf257fa24c349a4) Importer(815301076,1909f56bfc062723c751e8b465ee728b)
Start importing Assets/Materials/Book/Materials/RedBooks/Red_B.mat using Guid(129ce2f2ac6e2b64ebf257fa24c349a4) Importer(815301076,1909f56bfc062723c751e8b465ee728b)  -> (artifact id: '29a809b32f035cee6fbd1c881f09ce28') in 0.137117 seconds
Number of updated asset objects reloaded before import = 0
Number of asset objects unloaded after import = 2
========================================================================
Received Import Request.
  Time since last request: 0.000031 seconds.
  path: Assets/Materials/Book/Materials/RedBooks/Red_O.mat
  artifactKey: Guid(2978ac9362bda384b9fae4be852facd5) Importer(815301076,1909f56bfc062723c751e8b465ee728b)
Start importing Assets/Materials/Book/Materials/RedBooks/Red_O.mat using Guid(2978ac9362bda384b9fae4be852facd5) Importer(815301076,1909f56bfc062723c751e8b465ee728b)  -> (artifact id: 'f56424e2abb848958c1ab445890c5533') in 0.040942 seconds
Number of updated asset objects reloaded before import = 0
Number of asset objects unloaded after import = 2
========================================================================
Received Import Request.
  Time since last request: 0.000035 seconds.
  path: Assets/Materials/Book/Materials/RedBooks/Red_F.mat
  artifactKey: Guid(6f27e4c362af00541a3e938fe6161db6) Importer(815301076,1909f56bfc062723c751e8b465ee728b)
Start importing Assets/Materials/Book/Materials/RedBooks/Red_F.mat using Guid(6f27e4c362af00541a3e938fe6161db6) Importer(815301076,1909f56bfc062723c751e8b465ee728b)  -> (artifact id: '13b8eefd546e8199001cebe9e9840074') in 0.019750 seconds
Number of updated asset objects reloaded before import = 0
Number of asset objects unloaded after import = 2
========================================================================
Received Import Request.
  Time since last request: 0.000028 seconds.
  path: Assets/Materials/Book/Materials/RedBooks/Red_T.mat
  artifactKey: Guid(5bd69d265a42ecc4c8e31161f2d030a1) Importer(815301076,1909f56bfc062723c751e8b465ee728b)
Start importing Assets/Materials/Book/Materials/RedBooks/Red_T.mat using Guid(5bd69d265a42ecc4c8e31161f2d030a1) Importer(815301076,1909f56bfc062723c751e8b465ee728b)  -> (artifact id: '231f5318bff8aedda5670d785d92a7d6') in 0.028770 seconds
Number of updated asset objects reloaded before import = 0
Number of asset objects unloaded after import = 2
========================================================================
Received Import Request.
  Time since last request: 0.000023 seconds.
  path: Assets/Materials/Book/Materials/RedBooks/Red_U.mat
  artifactKey: Guid(a441ff5ad75b0cb4f89f5b224a4a4bad) Importer(815301076,1909f56bfc062723c751e8b465ee728b)
Start importing Assets/Materials/Book/Materials/RedBooks/Red_U.mat using Guid(a441ff5ad75b0cb4f89f5b224a4a4bad) Importer(815301076,1909f56bfc062723c751e8b465ee728b)  -> (artifact id: '02d738f8505a8ae661662bb56f72da51') in 0.019645 seconds
Number of updated asset objects reloaded before import = 0
Number of asset objects unloaded after import = 2
========================================================================
Received Import Request.
  Time since last request: 0.000026 seconds.
  path: Assets/Materials/Book/Materials/RedBooks/Red_Y.mat
  artifactKey: Guid(f2f7cbab6800e8c46acfc4b30ea886f6) Importer(815301076,1909f56bfc062723c751e8b465ee728b)
Start importing Assets/Materials/Book/Materials/RedBooks/Red_Y.mat using Guid(f2f7cbab6800e8c46acfc4b30ea886f6) Importer(815301076,1909f56bfc062723c751e8b465ee728b)  -> (artifact id: '78e17130e5c949dfd725cc53aa4638e1') in 0.028633 seconds
Number of updated asset objects reloaded before import = 0
Number of asset objects unloaded after import = 2
========================================================================
Received Import Request.
  Time since last request: 0.000034 seconds.
  path: Assets/Materials/Book/Materials/RedBooks/Red_K.mat
  artifactKey: Guid(b23706e8cc3ecb64e8e2e3040d2319bf) Importer(815301076,1909f56bfc062723c751e8b465ee728b)
Start importing Assets/Materials/Book/Materials/RedBooks/Red_K.mat using Guid(b23706e8cc3ecb64e8e2e3040d2319bf) Importer(815301076,1909f56bfc062723c751e8b465ee728b)  -> (artifact id: 'c27d9ba18fdc259883dc308e6b6ad056') in 0.019169 seconds
Number of updated asset objects reloaded before import = 0
Number of asset objects unloaded after import = 2
========================================================================
Received Import Request.
  Time since last request: 0.000026 seconds.
  path: Assets/Materials/Book/Materials/RedBooks/Red_J.mat
  artifactKey: Guid(eaf6a820c9afd644bafc61681d26081f) Importer(815301076,1909f56bfc062723c751e8b465ee728b)
Start importing Assets/Materials/Book/Materials/RedBooks/Red_J.mat using Guid(eaf6a820c9afd644bafc61681d26081f) Importer(815301076,1909f56bfc062723c751e8b465ee728b)  -> (artifact id: '1b1f9096d15e7952ae55b2abce8e249b') in 0.022638 seconds
Number of updated asset objects reloaded before import = 0
Number of asset objects unloaded after import = 2
========================================================================
Received Import Request.
  Time since last request: 0.000030 seconds.
  path: Assets/Materials/Book/Materials/RedBooks/Red_C.mat
  artifactKey: Guid(1038d0f3e40fb6644aee50f41b9cdaf5) Importer(815301076,1909f56bfc062723c751e8b465ee728b)
Start importing Assets/Materials/Book/Materials/RedBooks/Red_C.mat using Guid(1038d0f3e40fb6644aee50f41b9cdaf5) Importer(815301076,1909f56bfc062723c751e8b465ee728b)  -> (artifact id: '012d4613085a6fafc2d8cea7c624fd44') in 0.050228 seconds
Number of updated asset objects reloaded before import = 0
Number of asset objects unloaded after import = 2
========================================================================
Received Import Request.
  Time since last request: 0.000030 seconds.
  path: Assets/Materials/Book/Materials/RedBooks/Red_D.mat
  artifactKey: Guid(80028080ad101d14091881ef239fc856) Importer(815301076,1909f56bfc062723c751e8b465ee728b)
Start importing Assets/Materials/Book/Materials/RedBooks/Red_D.mat using Guid(80028080ad101d14091881ef239fc856) Importer(815301076,1909f56bfc062723c751e8b465ee728b)  -> (artifact id: '1f74687937e6f613d5f759b03ee59ade') in 0.017573 seconds
Number of updated asset objects reloaded before import = 0
Number of asset objects unloaded after import = 2
========================================================================
Received Import Request.
  Time since last request: 44.306823 seconds.
  path: Assets/Materials/Book/Materials/TealBooks/Teal_C.mat
  artifactKey: Guid(d58596a483ec6f140b1606d78e4b3151) Importer(815301076,1909f56bfc062723c751e8b465ee728b)
Start importing Assets/Materials/Book/Materials/TealBooks/Teal_C.mat using Guid(d58596a483ec6f140b1606d78e4b3151) Importer(815301076,1909f56bfc062723c751e8b465ee728b)  -> (artifact id: '6af08c0b030581c59ae71ee740cdfdcb') in 0.013813 seconds
Number of updated asset objects reloaded before import = 0
Number of asset objects unloaded after import = 2
========================================================================
Received Import Request.
  Time since last request: 0.000022 seconds.
  path: Assets/Materials/Book/Materials/TealBooks/Teal_M.mat
  artifactKey: Guid(a5df5091863076046addc802f6ce53b8) Importer(815301076,1909f56bfc062723c751e8b465ee728b)
Start importing Assets/Materials/Book/Materials/TealBooks/Teal_M.mat using Guid(a5df5091863076046addc802f6ce53b8) Importer(815301076,1909f56bfc062723c751e8b465ee728b)  -> (artifact id: '868697fe16f462e77bab49c48c7edef4') in 0.014247 seconds
Number of updated asset objects reloaded before import = 0
Number of asset objects unloaded after import = 2
========================================================================
Received Import Request.
  Time since last request: 0.000024 seconds.
  path: Assets/Materials/Book/Materials/TealBooks/Teal_P.mat
  artifactKey: Guid(611f07d7f8002b146983b1533ed23338) Importer(815301076,1909f56bfc062723c751e8b465ee728b)
Start importing Assets/Materials/Book/Materials/TealBooks/Teal_P.mat using Guid(611f07d7f8002b146983b1533ed23338) Importer(815301076,1909f56bfc062723c751e8b465ee728b)  -> (artifact id: '6b9dfe7125f259f8b61c1c1626328346') in 0.014767 seconds
Number of updated asset objects reloaded before import = 0
Number of asset objects unloaded after import = 2
========================================================================
Received Import Request.
  Time since last request: 0.000028 seconds.
  path: Assets/Materials/Book/Materials/TealBooks/Teal_D.mat
  artifactKey: Guid(c9ffeda149dc98844928c6dbd838b43a) Importer(815301076,1909f56bfc062723c751e8b465ee728b)
Start importing Assets/Materials/Book/Materials/TealBooks/Teal_D.mat using Guid(c9ffeda149dc98844928c6dbd838b43a) Importer(815301076,1909f56bfc062723c751e8b465ee728b)  -> (artifact id: '7cc6d0b2cc97e97af29e82ba675ccc63') in 0.026013 seconds
Number of updated asset objects reloaded before import = 0
Number of asset objects unloaded after import = 2
========================================================================
Received Import Request.
  Time since last request: 0.000025 seconds.
  path: Assets/Materials/Book/Materials/TealBooks/Teal_G.mat
  artifactKey: Guid(0afa6a7ae5f21a54891f40211cc69c68) Importer(815301076,1909f56bfc062723c751e8b465ee728b)
Start importing Assets/Materials/Book/Materials/TealBooks/Teal_G.mat using Guid(0afa6a7ae5f21a54891f40211cc69c68) Importer(815301076,1909f56bfc062723c751e8b465ee728b)  -> (artifact id: '452a2dfcafaf1578a174b498ce34149c') in 0.014675 seconds
Number of updated asset objects reloaded before import = 0
Number of asset objects unloaded after import = 2
========================================================================
Received Import Request.
  Time since last request: 0.000028 seconds.
  path: Assets/Materials/Book/Materials/TealBooks/Teal_T.mat
  artifactKey: Guid(3ebed29dfdcf97a4a9595778c08d4872) Importer(815301076,1909f56bfc062723c751e8b465ee728b)
Start importing Assets/Materials/Book/Materials/TealBooks/Teal_T.mat using Guid(3ebed29dfdcf97a4a9595778c08d4872) Importer(815301076,1909f56bfc062723c751e8b465ee728b)  -> (artifact id: '50e2d3ae17dca56112d2c6c8a0acf4d0') in 0.018524 seconds
Number of updated asset objects reloaded before import = 0
Number of asset objects unloaded after import = 2
========================================================================
Received Import Request.
  Time since last request: 0.000030 seconds.
  path: Assets/Materials/Book/Materials/TealBooks/Teal_N.mat
  artifactKey: Guid(fd195d37339eeaa4c9163efa39960005) Importer(815301076,1909f56bfc062723c751e8b465ee728b)
Start importing Assets/Materials/Book/Materials/TealBooks/Teal_N.mat using Guid(fd195d37339eeaa4c9163efa39960005) Importer(815301076,1909f56bfc062723c751e8b465ee728b)  -> (artifact id: 'c074fa80ae43454a7ffe6e0ea1a7ea94') in 0.015230 seconds
Number of updated asset objects reloaded before import = 0
Number of asset objects unloaded after import = 2
========================================================================
Received Import Request.
  Time since last request: 0.000026 seconds.
  path: Assets/Materials/Book/Materials/TealBooks/Teal_J.mat
  artifactKey: Guid(38319efdeb0816d4cae5b72740bd8347) Importer(815301076,1909f56bfc062723c751e8b465ee728b)
Start importing Assets/Materials/Book/Materials/TealBooks/Teal_J.mat using Guid(38319efdeb0816d4cae5b72740bd8347) Importer(815301076,1909f56bfc062723c751e8b465ee728b)  -> (artifact id: '381cdf3ce585f05fa817a0ecc27be008') in 0.018130 seconds
Number of updated asset objects reloaded before import = 0
Number of asset objects unloaded after import = 2
========================================================================
Received Import Request.
  Time since last request: 0.000034 seconds.
  path: Assets/Materials/Book/Materials/TealBooks/Teal_R.mat
  artifactKey: Guid(d9d211d12c3011a4fa55c26ef6e9f3a0) Importer(815301076,1909f56bfc062723c751e8b465ee728b)
Start importing Assets/Materials/Book/Materials/TealBooks/Teal_R.mat using Guid(d9d211d12c3011a4fa55c26ef6e9f3a0) Importer(815301076,1909f56bfc062723c751e8b465ee728b)  -> (artifact id: 'b8bbc62d140f64aac92fbcf78807986c') in 0.015226 seconds
Number of updated asset objects reloaded before import = 0
Number of asset objects unloaded after import = 2
========================================================================
Received Import Request.
  Time since last request: 0.000029 seconds.
  path: Assets/Materials/Book/Materials/TealBooks/Teal_S.mat
  artifactKey: Guid(aa2477e559613504a8c37c968545824d) Importer(815301076,1909f56bfc062723c751e8b465ee728b)
Start importing Assets/Materials/Book/Materials/TealBooks/Teal_S.mat using Guid(aa2477e559613504a8c37c968545824d) Importer(815301076,1909f56bfc062723c751e8b465ee728b)  -> (artifact id: 'e298eb2760ede1c773aa8d0e2c368032') in 0.014851 seconds
Number of updated asset objects reloaded before import = 0
Number of asset objects unloaded after import = 2
========================================================================
Received Import Request.
  Time since last request: 0.000024 seconds.
  path: Assets/Materials/Book/Materials/TealBooks/Teal_X.mat
  artifactKey: Guid(111ee7f2e710dfd42907868d539847df) Importer(815301076,1909f56bfc062723c751e8b465ee728b)
Start importing Assets/Materials/Book/Materials/TealBooks/Teal_X.mat using Guid(111ee7f2e710dfd42907868d539847df) Importer(815301076,1909f56bfc062723c751e8b465ee728b)  -> (artifact id: '6d98b1259f59650a6970f19f023fe75b') in 0.014894 seconds
Number of updated asset objects reloaded before import = 0
Number of asset objects unloaded after import = 2
========================================================================
Received Import Request.
  Time since last request: 53.040363 seconds.
  path: Assets/Materials/Book/Materials/YellowBooks/YellowC.mat
  artifactKey: Guid(4162dbb50d041764db15dbeb52f8eefc) Importer(815301076,1909f56bfc062723c751e8b465ee728b)
Start importing Assets/Materials/Book/Materials/YellowBooks/YellowC.mat using Guid(4162dbb50d041764db15dbeb52f8eefc) Importer(815301076,1909f56bfc062723c751e8b465ee728b)  -> (artifact id: '4a62f43feedbb8ebebb26358f2afc2be') in 0.016847 seconds
Number of updated asset objects reloaded before import = 0
Number of asset objects unloaded after import = 2
========================================================================
Received Import Request.
  Time since last request: 0.000017 seconds.
  path: Assets/Materials/Book/Materials/YellowBooks/YellowW.mat
  artifactKey: Guid(fd9cb31f747d09146b767ee0fa740b6f) Importer(815301076,1909f56bfc062723c751e8b465ee728b)
Start importing Assets/Materials/Book/Materials/YellowBooks/YellowW.mat using Guid(fd9cb31f747d09146b767ee0fa740b6f) Importer(815301076,1909f56bfc062723c751e8b465ee728b)  -> (artifact id: 'bd326bd4b20ef5a3270bcfd1f1fa2bae') in 0.024867 seconds
Number of updated asset objects reloaded before import = 0
Number of asset objects unloaded after import = 2
========================================================================
Received Import Request.
  Time since last request: 0.000028 seconds.
  path: Assets/Materials/Book/Materials/YellowBooks/YellowE.mat
  artifactKey: Guid(794a96d9ffcb0424ba8c1486f457d1bc) Importer(815301076,1909f56bfc062723c751e8b465ee728b)
Start importing Assets/Materials/Book/Materials/YellowBooks/YellowE.mat using Guid(794a96d9ffcb0424ba8c1486f457d1bc) Importer(815301076,1909f56bfc062723c751e8b465ee728b)  -> (artifact id: 'e189e97f408cdabcd84a455e0e3b608f') in 0.016854 seconds
Number of updated asset objects reloaded before import = 0
Number of asset objects unloaded after import = 2
========================================================================
Received Import Request.
  Time since last request: 0.000033 seconds.
  path: Assets/Materials/Book/Materials/YellowBooks/YellowG.mat
  artifactKey: Guid(a8e52637546a6364ca80a83c39244f16) Importer(815301076,1909f56bfc062723c751e8b465ee728b)
Start importing Assets/Materials/Book/Materials/YellowBooks/YellowG.mat using Guid(a8e52637546a6364ca80a83c39244f16) Importer(815301076,1909f56bfc062723c751e8b465ee728b)  -> (artifact id: '94607973666f24f3fe3800d40104f1d7') in 0.015022 seconds
Number of updated asset objects reloaded before import = 0
Number of asset objects unloaded after import = 2
========================================================================
Received Import Request.
  Time since last request: 0.000022 seconds.
  path: Assets/Materials/Book/Materials/YellowBooks/YellowR.mat
  artifactKey: Guid(81e8ac53816735f4689cc830e0fef16a) Importer(815301076,1909f56bfc062723c751e8b465ee728b)
Start importing Assets/Materials/Book/Materials/YellowBooks/YellowR.mat using Guid(81e8ac53816735f4689cc830e0fef16a) Importer(815301076,1909f56bfc062723c751e8b465ee728b)  -> (artifact id: 'fadefd52d95b55ce82c9a1ae251ce05a') in 0.015362 seconds
Number of updated asset objects reloaded before import = 0
Number of asset objects unloaded after import = 2
========================================================================
Received Import Request.
  Time since last request: 0.000030 seconds.
  path: Assets/Materials/Book/Materials/YellowBooks/YellowM.mat
  artifactKey: Guid(3b2fce006eedad4449acb7eaec8afeaa) Importer(815301076,1909f56bfc062723c751e8b465ee728b)
Start importing Assets/Materials/Book/Materials/YellowBooks/YellowM.mat using Guid(3b2fce006eedad4449acb7eaec8afeaa) Importer(815301076,1909f56bfc062723c751e8b465ee728b)  -> (artifact id: '1b2d7ea3e10eed00a25220bff41a15e4') in 0.016585 seconds
Number of updated asset objects reloaded before import = 0
Number of asset objects unloaded after import = 2
========================================================================
Received Import Request.
  Time since last request: 0.000046 seconds.
  path: Assets/Materials/Book/Materials/YellowBooks/YellowX.mat
  artifactKey: Guid(980d548ecf756e342ade8704d2b908e5) Importer(815301076,1909f56bfc062723c751e8b465ee728b)
Start importing Assets/Materials/Book/Materials/YellowBooks/YellowX.mat using Guid(980d548ecf756e342ade8704d2b908e5) Importer(815301076,1909f56bfc062723c751e8b465ee728b)  -> (artifact id: '4fafb95187914b1c96b797e1d57ec1df') in 0.015870 seconds
Number of updated asset objects reloaded before import = 0
Number of asset objects unloaded after import = 2
========================================================================
Received Import Request.
  Time since last request: 0.000024 seconds.
  path: Assets/Materials/Book/Materials/YellowBooks/YellowQ.mat
  artifactKey: Guid(128045cddfe9d2040bda5c18146bd193) Importer(815301076,1909f56bfc062723c751e8b465ee728b)
Start importing Assets/Materials/Book/Materials/YellowBooks/YellowQ.mat using Guid(128045cddfe9d2040bda5c18146bd193) Importer(815301076,1909f56bfc062723c751e8b465ee728b)  -> (artifact id: 'c43ad0eaccd134c52f6adc4fab4559b1') in 0.015781 seconds
Number of updated asset objects reloaded before import = 0
Number of asset objects unloaded after import = 2
========================================================================
Received Import Request.
  Time since last request: 0.000021 seconds.
  path: Assets/Materials/Book/Materials/YellowBooks/YellowD.mat
  artifactKey: Guid(fd5d13d6e811a554c90676a52338d2a1) Importer(815301076,1909f56bfc062723c751e8b465ee728b)
Start importing Assets/Materials/Book/Materials/YellowBooks/YellowD.mat using Guid(fd5d13d6e811a554c90676a52338d2a1) Importer(815301076,1909f56bfc062723c751e8b465ee728b)  -> (artifact id: 'e786d261953aa34bd621082c5c36fbbb') in 0.013225 seconds
Number of updated asset objects reloaded before import = 0
Number of asset objects unloaded after import = 2
========================================================================
Received Import Request.
  Time since last request: 163.016281 seconds.
  path: Assets/GameAssets/Books/Blue/Book (1).prefab
  artifactKey: Guid(079c743698913a84ea9ca0338979c20e) Importer(815301076,1909f56bfc062723c751e8b465ee728b)
Start importing Assets/GameAssets/Books/Blue/Book (1).prefab using Guid(079c743698913a84ea9ca0338979c20e) Importer(815301076,1909f56bfc062723c751e8b465ee728b)  -> (artifact id: '3903b80ce244b0c2ca4cd28b90f63126') in 0.037184 seconds
Number of updated asset objects reloaded before import = 0
Number of asset objects unloaded after import = 17
========================================================================
Received Import Request.
  Time since last request: 0.000038 seconds.
  path: Assets/GameAssets/Books/Blue/Book (20).prefab
  artifactKey: Guid(d36a760beea0925478d6229e11dcf5d9) Importer(815301076,1909f56bfc062723c751e8b465ee728b)
Start importing Assets/GameAssets/Books/Blue/Book (20).prefab using Guid(d36a760beea0925478d6229e11dcf5d9) Importer(815301076,1909f56bfc062723c751e8b465ee728b)  -> (artifact id: 'b58d31c123e11435e27c8776df6bc1a4') in 0.026722 seconds
Number of updated asset objects reloaded before import = 0
Number of asset objects unloaded after import = 17
========================================================================
Received Import Request.
  Time since last request: 0.000041 seconds.
  path: Assets/GameAssets/Books/Blue/Book (13).prefab
  artifactKey: Guid(11edb4b0a069bee40a96824a35c4ea1e) Importer(815301076,1909f56bfc062723c751e8b465ee728b)
Start importing Assets/GameAssets/Books/Blue/Book (13).prefab using Guid(11edb4b0a069bee40a96824a35c4ea1e) Importer(815301076,1909f56bfc062723c751e8b465ee728b)  -> (artifact id: 'd28f20ca0d0610a97550580ba123196e') in 0.028454 seconds
Number of updated asset objects reloaded before import = 0
Number of asset objects unloaded after import = 17
========================================================================
Received Import Request.
  Time since last request: 0.000035 seconds.
  path: Assets/GameAssets/Books/Blue/Book (8).prefab
  artifactKey: Guid(9c3eef3e206d78440863ef438a7482a2) Importer(815301076,1909f56bfc062723c751e8b465ee728b)
Start importing Assets/GameAssets/Books/Blue/Book (8).prefab using Guid(9c3eef3e206d78440863ef438a7482a2) Importer(815301076,1909f56bfc062723c751e8b465ee728b)  -> (artifact id: '935a09d8a0989a04f3a2122a55cca8bd') in 0.018838 seconds
Number of updated asset objects reloaded before import = 0
Number of asset objects unloaded after import = 17
========================================================================
Received Import Request.
  Time since last request: 0.000026 seconds.
  path: Assets/GameAssets/Books/Blue/Book (11).prefab
  artifactKey: Guid(9ab446326fdc3f34681d9920fd228ad8) Importer(815301076,1909f56bfc062723c751e8b465ee728b)
Start importing Assets/GameAssets/Books/Blue/Book (11).prefab using Guid(9ab446326fdc3f34681d9920fd228ad8) Importer(815301076,1909f56bfc062723c751e8b465ee728b)  -> (artifact id: '1a6ab27fe9995c33d37501f2f03da156') in 0.020407 seconds
Number of updated asset objects reloaded before import = 0
Number of asset objects unloaded after import = 17
========================================================================
Received Import Request.
  Time since last request: 0.000021 seconds.
  path: Assets/GameAssets/Books/Blue/Book (18).prefab
  artifactKey: Guid(62ccbad79fed76e41a73945c29e968cd) Importer(815301076,1909f56bfc062723c751e8b465ee728b)
Start importing Assets/GameAssets/Books/Blue/Book (18).prefab using Guid(62ccbad79fed76e41a73945c29e968cd) Importer(815301076,1909f56bfc062723c751e8b465ee728b)  -> (artifact id: '5b893ed7d646c9018ca28da7c8ce85e4') in 0.024238 seconds
Number of updated asset objects reloaded before import = 0
Number of asset objects unloaded after import = 17
========================================================================
Received Import Request.
  Time since last request: 0.000019 seconds.
  path: Assets/GameAssets/Books/Blue/Book (5).prefab
  artifactKey: Guid(e1d137ff81bb7c44bb9c5649deb73ea7) Importer(815301076,1909f56bfc062723c751e8b465ee728b)
Start importing Assets/GameAssets/Books/Blue/Book (5).prefab using Guid(e1d137ff81bb7c44bb9c5649deb73ea7) Importer(815301076,1909f56bfc062723c751e8b465ee728b)  -> (artifact id: 'f8d53c625a04a44745b3f7aa62530c4c') in 0.016680 seconds
Number of updated asset objects reloaded before import = 0
Number of asset objects unloaded after import = 17
========================================================================
Received Import Request.
  Time since last request: 0.000025 seconds.
  path: Assets/GameAssets/Books/Blue/Book (2).prefab
  artifactKey: Guid(be89805bbb21ab34ab8c0a163a1eb22c) Importer(815301076,1909f56bfc062723c751e8b465ee728b)
Start importing Assets/GameAssets/Books/Blue/Book (2).prefab using Guid(be89805bbb21ab34ab8c0a163a1eb22c) Importer(815301076,1909f56bfc062723c751e8b465ee728b)  -> (artifact id: 'ac0d7d469140eaa44a839ddc15171e42') in 0.025310 seconds
Number of updated asset objects reloaded before import = 0
Number of asset objects unloaded after import = 17
========================================================================
Received Import Request.
  Time since last request: 0.000025 seconds.
  path: Assets/GameAssets/Books/Blue/Book (21).prefab
  artifactKey: Guid(661f0eadefd728f4186529bd2f4e1587) Importer(815301076,1909f56bfc062723c751e8b465ee728b)
Start importing Assets/GameAssets/Books/Blue/Book (21).prefab using Guid(661f0eadefd728f4186529bd2f4e1587) Importer(815301076,1909f56bfc062723c751e8b465ee728b)  -> (artifact id: '25e47c2ead56ba126e93bd0b1e98083f') in 0.015014 seconds
Number of updated asset objects reloaded before import = 0
Number of asset objects unloaded after import = 17
========================================================================
Received Import Request.
  Time since last request: 0.000033 seconds.
  path: Assets/GameAssets/Books/Blue/Book (14).prefab
  artifactKey: Guid(b1236440f84f9e04da4296ea40e63c8d) Importer(815301076,1909f56bfc062723c751e8b465ee728b)
Start importing Assets/GameAssets/Books/Blue/Book (14).prefab using Guid(b1236440f84f9e04da4296ea40e63c8d) Importer(815301076,1909f56bfc062723c751e8b465ee728b)  -> (artifact id: 'c9d0f53bdd548847f47aee5e1e1278aa') in 0.015916 seconds
Number of updated asset objects reloaded before import = 0
Number of asset objects unloaded after import = 17
========================================================================
Received Import Request.
  Time since last request: 0.000025 seconds.
  path: Assets/GameAssets/Books/Blue/Book (10).prefab
  artifactKey: Guid(a83e7fb925799044f9e0c2edecdf01cb) Importer(815301076,1909f56bfc062723c751e8b465ee728b)
Start importing Assets/GameAssets/Books/Blue/Book (10).prefab using Guid(a83e7fb925799044f9e0c2edecdf01cb) Importer(815301076,1909f56bfc062723c751e8b465ee728b)  -> (artifact id: 'dc3bf4e7670d0a84dc5b31192ab92a3a') in 0.016193 seconds
Number of updated asset objects reloaded before import = 0
Number of asset objects unloaded after import = 17
========================================================================
Received Import Request.
  Time since last request: 0.000025 seconds.
  path: Assets/GameAssets/Books/Blue/Book (15).prefab
  artifactKey: Guid(951ee36556947c3468aa29ad7046495a) Importer(815301076,1909f56bfc062723c751e8b465ee728b)
Start importing Assets/GameAssets/Books/Blue/Book (15).prefab using Guid(951ee36556947c3468aa29ad7046495a) Importer(815301076,1909f56bfc062723c751e8b465ee728b)  -> (artifact id: 'ed17465b9101a3e94d411044829950c4') in 0.013936 seconds
Number of updated asset objects reloaded before import = 0
Number of asset objects unloaded after import = 17
Editor requested this worker to shutdown with reason: Scaling down because of idle timeout
TcpMessagingSession - receive error: operation aborted. errorcode: 995, details: The I/O operation has been aborted because of either a thread exit or an application request.
AssetImportWorker is now disconnected from the server
Process exiting
Exiting without the bug reporter. Application will terminate with return code 0